#
# There is insufficient memory for the Java Runtime Environment to continue.
# Native memory allocation (malloc) failed to allocate 1048576 bytes for AllocateHeap
# Possible reasons:
#   The system is out of physical RAM or swap space
#   The process is running with CompressedOops enabled, and the Java Heap may be blocking the growth of the native heap
# Possible solutions:
#   Reduce memory load on the system
#   Increase physical memory or swap space
#   Check if swap backing store is full
#   Decrease Java heap size (-Xmx/-Xms)
#   Decrease number of Java threads
#   Decrease Java thread stack sizes (-Xss)
#   Set larger code cache with -XX:ReservedCodeCacheSize=
#   JVM is running with Zero Based Compressed Oops mode in which the Java heap is
#     placed in the first 32GB address space. The Java Heap base address is the
#     maximum limit for the native heap growth. Please use -XX:HeapBaseMinAddress
#     to set the Java Heap base and to place the Java Heap above 32GB virtual address.
# This output file may be truncated or incomplete.
#
#  Out of Memory Error (./open/src/hotspot/share/memory/allocation.cpp:44), pid=13256, tid=11784
#
# JRE version: OpenJDK Runtime Environment (15.0.2+7) (build 15.0.2+7-27)
# Java VM: OpenJDK 64-Bit Server VM (15.0.2+7-27, mixed mode, tiered, compressed oops, g1 gc, windows-amd64)
# No core dump will be written. Minidumps are not enabled by default on client versions of Windows
#

---------------  S U M M A R Y ------------

Command Line: -Dcom.sun.management.jmxremote -Dcom.sun.management.jmxremote.port=60164 -Dcom.sun.management.jmxremote.authenticate=false -Dcom.sun.management.jmxremote.ssl=false -Djava.rmi.server.hostname=localhost -Dspring.jmx.enabled=true -Dspring.application.admin.enabled=true -XX:TieredStopAtLevel=1 -Dspring.boot.project.name=loginADEA -Dfile.encoding=UTF-8 -XX:+ShowCodeDetailsInExceptionMessages com.example.demo.LoginAdeaApplication

Host: AMD Ryzen 5 3500U with Radeon Vega Mobile Gfx  , 8 cores, 9G,  Windows 10 , 64 bit Build 19041 (10.0.19041.1202)
Time: Fri Sep 24 19:52:00 2021 Hora de verano central (México) elapsed time: 0.349587 seconds (0d 0h 0m 0s)

---------------  T H R E A D  ---------------

Current thread (0x0000020749640e30):  VMThread "VM Thread" [stack: 0x00000079be000000,0x00000079be100000] [id=11784]

Stack: [0x00000079be000000,0x00000079be100000]
[error occurred during error reporting (printing stack bounds), id 0xc0000005, EXCEPTION_ACCESS_VIOLATION (0xc0000005) at pc=0x0000020731a510ad]

Native frames: (J=compiled Java code, j=interpreted, Vv=VM code, C=native code)
V  [jvm.dll+0x62ae9a]
V  [jvm.dll+0x7817a9]
V  [jvm.dll+0x782f03]
V  [jvm.dll+0x7834c5]
V  [jvm.dll+0x78347b]
V  [jvm.dll+0x62a2b9]
V  [jvm.dll+0x62aa88]
C  [ntdll.dll+0xa20cf]
C  [ntdll.dll+0x51454]
C  [ntdll.dll+0xa0bfe]
C  0x0000020731a510ad

VM_Operation (0x00000079bdafd290): CollectForMetadataAllocation, mode: safepoint, requested by thread 0x000002072e0442c0


---------------  P R O C E S S  ---------------

Threads class SMR info:
_java_thread_list=0x000002074a0609c0, length=10, elements={
0x000002072e0442c0, 0x0000020749657420, 0x000002074965be00, 0x0000020749ea6000,
0x0000020749ea68c0, 0x0000020749ea9290, 0x0000020749eb2d20, 0x0000020749e6c710,
0x000002072e109a10, 0x000002074a068e50
}

Java Threads: ( => current thread )
  0x000002072e0442c0 JavaThread "main" [_thread_blocked, id=19228, stack(0x00000079bda00000,0x00000079bdb00000)]
  0x0000020749657420 JavaThread "Reference Handler" daemon [_thread_blocked, id=21064, stack(0x00000079be100000,0x00000079be200000)]
  0x000002074965be00 JavaThread "Finalizer" daemon [_thread_blocked, id=4648, stack(0x00000079be200000,0x00000079be300000)]
  0x0000020749ea6000 JavaThread "Signal Dispatcher" daemon [_thread_blocked, id=23188, stack(0x00000079be300000,0x00000079be400000)]
  0x0000020749ea68c0 JavaThread "Attach Listener" daemon [_thread_blocked, id=23172, stack(0x00000079be400000,0x00000079be500000)]
  0x0000020749ea9290 JavaThread "Service Thread" daemon [_thread_blocked, id=8396, stack(0x00000079be500000,0x00000079be600000)]
  0x0000020749eb2d20 JavaThread "C1 CompilerThread0" daemon [_thread_blocked, id=8076, stack(0x00000079be600000,0x00000079be700000)]
  0x0000020749e6c710 JavaThread "Sweeper thread" daemon [_thread_blocked, id=12268, stack(0x00000079be700000,0x00000079be800000)]
  0x000002072e109a10 JavaThread "Common-Cleaner" daemon [_thread_blocked, id=5816, stack(0x00000079be800000,0x00000079be900000)]
  0x000002074a068e50 JavaThread "Notification Thread" daemon [_thread_blocked, id=13584, stack(0x00000079be900000,0x00000079bea00000)]

Other Threads:
=>0x0000020749640e30 VMThread "VM Thread" [stack: 0x00000079be000000,0x00000079be100000] [id=11784]
  0x000002072e07d520 GCTaskThread "GC Thread#0" [stack: 0x00000079bdb00000,0x00000079bdc00000] [id=13700]
  0x000002074a50ba40 GCTaskThread "GC Thread#1" [stack: 0x00000079bea00000,0x00000079beb00000] [id=4296]
  0x000002074a50ea10 GCTaskThread "GC Thread#2" [stack: 0x00000079beb00000,0x00000079bec00000] [id=4144]
  0x000002072e089bf0 ConcurrentGCThread "G1 Main Marker" [stack: 0x00000079bdc00000,0x00000079bdd00000] [id=23120]
  0x000002072e08a6f0 ConcurrentGCThread "G1 Conc#0" [stack: 0x00000079bdd00000,0x00000079bde00000] [id=11184]
  0x000002074a50ed40 ConcurrentGCThread "G1 Conc#1" [stack: 0x00000079bec00000,0x00000079bed00000] [id=17744]
  0x0000020749480090 ConcurrentGCThread "G1 Refine#0" [stack: 0x00000079bde00000,0x00000079bdf00000] [id=21048]
  0x0000020749480ba0 ConcurrentGCThread "G1 Young RemSet Sampling" [stack: 0x00000079bdf00000,0x00000079be000000] [id=12052]

Threads with active compile tasks:

VM state: at safepoint (normal execution)

VM Mutex/Monitor currently owned by a thread:  ([mutex/lock_event])
[0x000002072e03ee30] Threads_lock - owner thread: 0x0000020749640e30
[0x000002072e03fbb0] Heap_lock - owner thread: 0x000002072e0442c0

Heap address: 0x0000000761400000, size: 2540 MB, Compressed Oops mode: Zero based, Oop shift amount: 3
CDS disabled.
Compressed class space mapped at: 0x0000000800000000-0x0000000840000000, size: 1073741824
Narrow klass base: 0x0000000800000000, Narrow klass shift: 0, Narrow klass range: 0x40000000

GC Precious Log:
 CPUs: 8 total, 8 available
 Memory: 10153M
 Large Page Support: Disabled
 NUMA Support: Disabled
 Compressed Oops: Enabled (Zero based)
 Heap Region Size: 2M
 Heap Min Capacity: 8M
 Heap Initial Capacity: 160M
 Heap Max Capacity: 2540M
 Pre-touch: Disabled
 Parallel Workers: 8
 Concurrent Workers: 2
 Concurrent Refinement Workers: 8
 Periodic GC: Disabled

Heap:
 garbage-first heap   total 163840K, used 4402K [0x0000000761400000, 0x0000000800000000)
  region size 2048K, 2 young (4096K), 2 survivors (4096K)
 Metaspace       used 6654K, capacity 6676K, committed 6784K, reserved 1064960K
  class space    used 574K, capacity 588K, committed 640K, reserved 1048576K

Heap Regions: E=young(eden), S=young(survivor), O=old, HS=humongous(starts), HC=humongous(continues), CS=collection set, F=free, OA=open archive, CA=closed archive, TAMS=top-at-mark-start (previous, next)
|   0|0x0000000761400000, 0x000000076144ca00, 0x0000000761600000| 14%| O|  |TAMS 0x0000000761400000, 0x0000000761400000| Untracked 
|   1|0x0000000761600000, 0x0000000761600000, 0x0000000761800000|  0%| F|  |TAMS 0x0000000761600000, 0x0000000761600000| Untracked 
|   2|0x0000000761800000, 0x0000000761800000, 0x0000000761a00000|  0%| F|  |TAMS 0x0000000761800000, 0x0000000761800000| Untracked 
|   3|0x0000000761a00000, 0x0000000761a00000, 0x0000000761c00000|  0%| F|  |TAMS 0x0000000761a00000, 0x0000000761a00000| Untracked 
|   4|0x0000000761c00000, 0x0000000761c00000, 0x0000000761e00000|  0%| F|  |TAMS 0x0000000761c00000, 0x0000000761c00000| Untracked 
|   5|0x0000000761e00000, 0x0000000761e00000, 0x0000000762000000|  0%| F|  |TAMS 0x0000000761e00000, 0x0000000761e00000| Untracked 
|   6|0x0000000762000000, 0x0000000762000000, 0x0000000762200000|  0%| F|  |TAMS 0x0000000762000000, 0x0000000762000000| Untracked 
|   7|0x0000000762200000, 0x0000000762200000, 0x0000000762400000|  0%| F|  |TAMS 0x0000000762200000, 0x0000000762200000| Untracked 
|   8|0x0000000762400000, 0x0000000762400000, 0x0000000762600000|  0%| F|  |TAMS 0x0000000762400000, 0x0000000762400000| Untracked 
|   9|0x0000000762600000, 0x0000000762600000, 0x0000000762800000|  0%| F|  |TAMS 0x0000000762600000, 0x0000000762600000| Untracked 
|  10|0x0000000762800000, 0x0000000762800000, 0x0000000762a00000|  0%| F|  |TAMS 0x0000000762800000, 0x0000000762800000| Untracked 
|  11|0x0000000762a00000, 0x0000000762a00000, 0x0000000762c00000|  0%| F|  |TAMS 0x0000000762a00000, 0x0000000762a00000| Untracked 
|  12|0x0000000762c00000, 0x0000000762c00000, 0x0000000762e00000|  0%| F|  |TAMS 0x0000000762c00000, 0x0000000762c00000| Untracked 
|  13|0x0000000762e00000, 0x0000000762e00000, 0x0000000763000000|  0%| F|  |TAMS 0x0000000762e00000, 0x0000000762e00000| Untracked 
|  14|0x0000000763000000, 0x0000000763000000, 0x0000000763200000|  0%| F|  |TAMS 0x0000000763000000, 0x0000000763000000| Untracked 
|  15|0x0000000763200000, 0x0000000763200000, 0x0000000763400000|  0%| F|  |TAMS 0x0000000763200000, 0x0000000763200000| Untracked 
|  16|0x0000000763400000, 0x0000000763400000, 0x0000000763600000|  0%| F|  |TAMS 0x0000000763400000, 0x0000000763400000| Untracked 
|  17|0x0000000763600000, 0x0000000763600000, 0x0000000763800000|  0%| F|  |TAMS 0x0000000763600000, 0x0000000763600000| Untracked 
|  18|0x0000000763800000, 0x0000000763800000, 0x0000000763a00000|  0%| F|  |TAMS 0x0000000763800000, 0x0000000763800000| Untracked 
|  19|0x0000000763a00000, 0x0000000763a00000, 0x0000000763c00000|  0%| F|  |TAMS 0x0000000763a00000, 0x0000000763a00000| Untracked 
|  20|0x0000000763c00000, 0x0000000763c00000, 0x0000000763e00000|  0%| F|  |TAMS 0x0000000763c00000, 0x0000000763c00000| Untracked 
|  21|0x0000000763e00000, 0x0000000763e00000, 0x0000000764000000|  0%| F|  |TAMS 0x0000000763e00000, 0x0000000763e00000| Untracked 
|  22|0x0000000764000000, 0x0000000764000000, 0x0000000764200000|  0%| F|  |TAMS 0x0000000764000000, 0x0000000764000000| Untracked 
|  23|0x0000000764200000, 0x0000000764200000, 0x0000000764400000|  0%| F|  |TAMS 0x0000000764200000, 0x0000000764200000| Untracked 
|  24|0x0000000764400000, 0x0000000764400000, 0x0000000764600000|  0%| F|  |TAMS 0x0000000764400000, 0x0000000764400000| Untracked 
|  25|0x0000000764600000, 0x0000000764600000, 0x0000000764800000|  0%| F|  |TAMS 0x0000000764600000, 0x0000000764600000| Untracked 
|  26|0x0000000764800000, 0x0000000764800000, 0x0000000764a00000|  0%| F|  |TAMS 0x0000000764800000, 0x0000000764800000| Untracked 
|  27|0x0000000764a00000, 0x0000000764a00000, 0x0000000764c00000|  0%| F|  |TAMS 0x0000000764a00000, 0x0000000764a00000| Untracked 
|  28|0x0000000764c00000, 0x0000000764c00000, 0x0000000764e00000|  0%| F|  |TAMS 0x0000000764c00000, 0x0000000764c00000| Untracked 
|  29|0x0000000764e00000, 0x0000000764e00000, 0x0000000765000000|  0%| F|  |TAMS 0x0000000764e00000, 0x0000000764e00000| Untracked 
|  30|0x0000000765000000, 0x0000000765000000, 0x0000000765200000|  0%| F|  |TAMS 0x0000000765000000, 0x0000000765000000| Untracked 
|  31|0x0000000765200000, 0x0000000765200000, 0x0000000765400000|  0%| F|  |TAMS 0x0000000765200000, 0x0000000765200000| Untracked 
|  32|0x0000000765400000, 0x0000000765400000, 0x0000000765600000|  0%| F|  |TAMS 0x0000000765400000, 0x0000000765400000| Untracked 
|  33|0x0000000765600000, 0x0000000765600000, 0x0000000765800000|  0%| F|  |TAMS 0x0000000765600000, 0x0000000765600000| Untracked 
|  34|0x0000000765800000, 0x0000000765800000, 0x0000000765a00000|  0%| F|  |TAMS 0x0000000765800000, 0x0000000765800000| Untracked 
|  35|0x0000000765a00000, 0x0000000765a00000, 0x0000000765c00000|  0%| F|  |TAMS 0x0000000765a00000, 0x0000000765a00000| Untracked 
|  36|0x0000000765c00000, 0x0000000765c00000, 0x0000000765e00000|  0%| F|  |TAMS 0x0000000765c00000, 0x0000000765c00000| Untracked 
|  37|0x0000000765e00000, 0x0000000765e00000, 0x0000000766000000|  0%| F|  |TAMS 0x0000000765e00000, 0x0000000765e00000| Untracked 
|  38|0x0000000766000000, 0x0000000766000000, 0x0000000766200000|  0%| F|  |TAMS 0x0000000766000000, 0x0000000766000000| Untracked 
|  39|0x0000000766200000, 0x0000000766200000, 0x0000000766400000|  0%| F|  |TAMS 0x0000000766200000, 0x0000000766200000| Untracked 
|  40|0x0000000766400000, 0x0000000766400000, 0x0000000766600000|  0%| F|  |TAMS 0x0000000766400000, 0x0000000766400000| Untracked 
|  41|0x0000000766600000, 0x0000000766600000, 0x0000000766800000|  0%| F|  |TAMS 0x0000000766600000, 0x0000000766600000| Untracked 
|  42|0x0000000766800000, 0x0000000766800000, 0x0000000766a00000|  0%| F|  |TAMS 0x0000000766800000, 0x0000000766800000| Untracked 
|  43|0x0000000766a00000, 0x0000000766a00000, 0x0000000766c00000|  0%| F|  |TAMS 0x0000000766a00000, 0x0000000766a00000| Untracked 
|  44|0x0000000766c00000, 0x0000000766c00000, 0x0000000766e00000|  0%| F|  |TAMS 0x0000000766c00000, 0x0000000766c00000| Untracked 
|  45|0x0000000766e00000, 0x0000000766e00000, 0x0000000767000000|  0%| F|  |TAMS 0x0000000766e00000, 0x0000000766e00000| Untracked 
|  46|0x0000000767000000, 0x0000000767000000, 0x0000000767200000|  0%| F|  |TAMS 0x0000000767000000, 0x0000000767000000| Untracked 
|  47|0x0000000767200000, 0x0000000767200000, 0x0000000767400000|  0%| F|  |TAMS 0x0000000767200000, 0x0000000767200000| Untracked 
|  48|0x0000000767400000, 0x0000000767400000, 0x0000000767600000|  0%| F|  |TAMS 0x0000000767400000, 0x0000000767400000| Untracked 
|  49|0x0000000767600000, 0x0000000767600000, 0x0000000767800000|  0%| F|  |TAMS 0x0000000767600000, 0x0000000767600000| Untracked 
|  50|0x0000000767800000, 0x0000000767800000, 0x0000000767a00000|  0%| F|  |TAMS 0x0000000767800000, 0x0000000767800000| Untracked 
|  51|0x0000000767a00000, 0x0000000767a00000, 0x0000000767c00000|  0%| F|  |TAMS 0x0000000767a00000, 0x0000000767a00000| Untracked 
|  52|0x0000000767c00000, 0x0000000767c00000, 0x0000000767e00000|  0%| F|  |TAMS 0x0000000767c00000, 0x0000000767c00000| Untracked 
|  53|0x0000000767e00000, 0x0000000767e00000, 0x0000000768000000|  0%| F|  |TAMS 0x0000000767e00000, 0x0000000767e00000| Untracked 
|  54|0x0000000768000000, 0x0000000768000000, 0x0000000768200000|  0%| F|  |TAMS 0x0000000768000000, 0x0000000768000000| Untracked 
|  55|0x0000000768200000, 0x0000000768200000, 0x0000000768400000|  0%| F|  |TAMS 0x0000000768200000, 0x0000000768200000| Untracked 
|  56|0x0000000768400000, 0x0000000768400000, 0x0000000768600000|  0%| F|  |TAMS 0x0000000768400000, 0x0000000768400000| Untracked 
|  57|0x0000000768600000, 0x0000000768600000, 0x0000000768800000|  0%| F|  |TAMS 0x0000000768600000, 0x0000000768600000| Untracked 
|  58|0x0000000768800000, 0x0000000768800000, 0x0000000768a00000|  0%| F|  |TAMS 0x0000000768800000, 0x0000000768800000| Untracked 
|  59|0x0000000768a00000, 0x0000000768a00000, 0x0000000768c00000|  0%| F|  |TAMS 0x0000000768a00000, 0x0000000768a00000| Untracked 
|  60|0x0000000768c00000, 0x0000000768c00000, 0x0000000768e00000|  0%| F|  |TAMS 0x0000000768c00000, 0x0000000768c00000| Untracked 
|  61|0x0000000768e00000, 0x0000000768e00000, 0x0000000769000000|  0%| F|  |TAMS 0x0000000768e00000, 0x0000000768e00000| Untracked 
|  62|0x0000000769000000, 0x0000000769000000, 0x0000000769200000|  0%| F|  |TAMS 0x0000000769000000, 0x0000000769000000| Untracked 
|  63|0x0000000769200000, 0x0000000769200000, 0x0000000769400000|  0%| F|  |TAMS 0x0000000769200000, 0x0000000769200000| Untracked 
|  64|0x0000000769400000, 0x0000000769400000, 0x0000000769600000|  0%| F|  |TAMS 0x0000000769400000, 0x0000000769400000| Untracked 
|  65|0x0000000769600000, 0x0000000769600000, 0x0000000769800000|  0%| F|  |TAMS 0x0000000769600000, 0x0000000769600000| Untracked 
|  66|0x0000000769800000, 0x0000000769800000, 0x0000000769a00000|  0%| F|  |TAMS 0x0000000769800000, 0x0000000769800000| Untracked 
|  67|0x0000000769a00000, 0x0000000769a00000, 0x0000000769c00000|  0%| F|  |TAMS 0x0000000769a00000, 0x0000000769a00000| Untracked 
|  68|0x0000000769c00000, 0x0000000769c00000, 0x0000000769e00000|  0%| F|  |TAMS 0x0000000769c00000, 0x0000000769c00000| Untracked 
|  69|0x0000000769e00000, 0x0000000769e00000, 0x000000076a000000|  0%| F|  |TAMS 0x0000000769e00000, 0x0000000769e00000| Untracked 
|  70|0x000000076a000000, 0x000000076a000000, 0x000000076a200000|  0%| F|  |TAMS 0x000000076a000000, 0x000000076a000000| Untracked 
|  71|0x000000076a200000, 0x000000076a200000, 0x000000076a400000|  0%| F|  |TAMS 0x000000076a200000, 0x000000076a200000| Untracked 
|  72|0x000000076a400000, 0x000000076a400000, 0x000000076a600000|  0%| F|  |TAMS 0x000000076a400000, 0x000000076a400000| Untracked 
|  73|0x000000076a600000, 0x000000076a600000, 0x000000076a800000|  0%| F|  |TAMS 0x000000076a600000, 0x000000076a600000| Untracked 
|  74|0x000000076a800000, 0x000000076aa00000, 0x000000076aa00000|100%| S|CS|TAMS 0x000000076a800000, 0x000000076a800000| Complete 
|  75|0x000000076aa00000, 0x000000076ac00000, 0x000000076ac00000|100%| S|CS|TAMS 0x000000076aa00000, 0x000000076aa00000| Complete 
|  76|0x000000076ac00000, 0x000000076ac00000, 0x000000076ae00000|  0%| F|  |TAMS 0x000000076ac00000, 0x000000076ac00000| Untracked 
|  77|0x000000076ae00000, 0x000000076ae00000, 0x000000076b000000|  0%| F|  |TAMS 0x000000076ae00000, 0x000000076ae00000| Untracked 
|  78|0x000000076b000000, 0x000000076b000000, 0x000000076b200000|  0%| F|  |TAMS 0x000000076b000000, 0x000000076b000000| Untracked 
|  79|0x000000076b200000, 0x000000076b200000, 0x000000076b400000|  0%| F|  |TAMS 0x000000076b200000, 0x000000076b200000| Untracked 

Card table byte_map: [0x0000020741280000,0x0000020741780000] _byte_map_base: 0x000002073d776000

Marking Bits (Prev, Next): (CMBitMap*) 0x000002072e07ec30, (CMBitMap*) 0x000002072e07ec70
 Prev Bits: [0x0000020741c80000, 0x0000020744430000)
 Next Bits: [0x0000020744430000, 0x0000020746be0000)

Polling page: 0x000002072c000000

Metaspace:

Usage:
  Non-class:      5.95 MB capacity,     5.94 MB (>99%) used,     6.00 KB ( <1%) free+waste,     2.50 KB ( <1%) overhead. 
      Class:    588.00 KB capacity,   574.61 KB ( 98%) used,    12.45 KB (  2%) free+waste,   960 bytes ( <1%) overhead. 
       Both:      6.52 MB capacity,     6.50 MB (>99%) used,    18.45 KB ( <1%) free+waste,     3.44 KB ( <1%) overhead. 

Virtual space:
  Non-class space:       16.00 MB reserved,       6.00 MB ( 38%) committed 
      Class space:        1.00 GB reserved,     640.00 KB ( <1%) committed 
             Both:        1.02 GB reserved,       6.62 MB ( <1%) committed 

Chunk freelists:
   Non-Class:  56.00 KB
       Class:  20.00 KB
        Both:  76.00 KB

MaxMetaspaceSize: 17179869184.00 GB
CompressedClassSpaceSize: 1.00 GB

CodeHeap 'non-profiled nmethods': size=238336Kb used=350Kb max_used=350Kb free=237986Kb
 bounds [0x0000020732190000, 0x0000020732400000, 0x0000020740a50000]
CodeHeap 'non-nmethods': size=7424Kb used=1097Kb max_used=1097Kb free=6326Kb
 bounds [0x0000020731a50000, 0x0000020731cc0000, 0x0000020732190000]
 total_blobs=647 nmethods=311 adapters=264
 compilation: enabled
              stopped_count=0, restarted_count=0
 full_count=0

Compilation events (20 events):
Event: 0.329 Thread 0x0000020749eb2d20  301   !   1       java.lang.StringCoding::decode (362 bytes)
Event: 0.331 Thread 0x0000020749eb2d20 nmethod 301 0x00000207321e2610 code [0x00000207321e2960, 0x00000207321e3ca8]
Event: 0.331 Thread 0x0000020749eb2d20  305       1       java.util.zip.ZipFile$Source::getMetaVersion (214 bytes)
Event: 0.331 Thread 0x0000020749eb2d20 nmethod 305 0x00000207321e4710 code [0x00000207321e48c0, 0x00000207321e4c18]
Event: 0.331 Thread 0x0000020749eb2d20  302       1       java.lang.StringCoding::decodeUTF8 (45 bytes)
Event: 0.332 Thread 0x0000020749eb2d20 nmethod 302 0x00000207321e4e10 code [0x00000207321e4fe0, 0x00000207321e5228]
Event: 0.332 Thread 0x0000020749eb2d20  303       1       java.lang.StringCoding$Result::with (12 bytes)
Event: 0.332 Thread 0x0000020749eb2d20 nmethod 303 0x00000207321e5390 code [0x00000207321e5520, 0x00000207321e5638]
Event: 0.332 Thread 0x0000020749eb2d20  304       1       java.util.zip.ZipFile$Source::isSignatureRelated (191 bytes)
Event: 0.333 Thread 0x0000020749eb2d20 nmethod 304 0x00000207321e5690 code [0x00000207321e5820, 0x00000207321e5a58]
Event: 0.333 Thread 0x0000020749eb2d20  308       1       java.lang.Class::getModule (5 bytes)
Event: 0.333 Thread 0x0000020749eb2d20 nmethod 308 0x00000207321e5b90 code [0x00000207321e5d20, 0x00000207321e5dd8]
Event: 0.333 Thread 0x0000020749eb2d20  306       1       jdk.internal.misc.Unsafe::allocateUninitializedArray (55 bytes)
Event: 0.333 Thread 0x0000020749eb2d20 nmethod 306 0x00000207321e5e90 code [0x00000207321e6060, 0x00000207321e6398]
Event: 0.333 Thread 0x0000020749eb2d20  307       1       jdk.internal.misc.Unsafe::allocateUninitializedArray0 (90 bytes)
Event: 0.333 Thread 0x0000020749eb2d20 nmethod 307 0x00000207321e6510 code [0x00000207321e66e0, 0x00000207321e6db8]
Event: 0.334 Thread 0x0000020749eb2d20  309       1       java.lang.invoke.MethodType::ptypes (5 bytes)
Event: 0.334 Thread 0x0000020749eb2d20 nmethod 309 0x00000207321e7210 code [0x00000207321e73a0, 0x00000207321e7458]
Event: 0.334 Thread 0x0000020749eb2d20  310       1       java.lang.invoke.MethodType::parameterCount (6 bytes)
Event: 0.335 Thread 0x0000020749eb2d20 nmethod 310 0x00000207321e7510 code [0x00000207321e76a0, 0x00000207321e7758]

GC Heap History (2 events):
Event: 0.340 GC heap before
{Heap before GC invocations=0 (full 0):
 garbage-first heap   total 163840K, used 6144K [0x0000000761400000, 0x0000000800000000)
  region size 2048K, 4 young (8192K), 0 survivors (0K)
 Metaspace       used 6654K, capacity 6676K, committed 6784K, reserved 1062912K
  class space    used 574K, capacity 588K, committed 640K, reserved 1048576K
}
Event: 0.344 GC heap after
{Heap after GC invocations=1 (full 0):
 garbage-first heap   total 163840K, used 4402K [0x0000000761400000, 0x0000000800000000)
  region size 2048K, 2 young (4096K), 2 survivors (4096K)
 Metaspace       used 6654K, capacity 6676K, committed 6784K, reserved 1062912K
  class space    used 574K, capacity 588K, committed 640K, reserved 1048576K
}

Deoptimization events (0 events):
No events

Classes unloaded (0 events):
No events

Classes redefined (0 events):
No events

Internal exceptions (3 events):
Event: 0.218 Thread 0x000002072e0442c0 Exception <a 'java/lang/NoSuchMethodError'{0x000000076b3cad88}: 'void java.lang.invoke.DirectMethodHandle$Holder.invokeSpecial(java.lang.Object, java.lang.Object, java.lang.Object)'> (0x000000076b3cad88) 
thrown [./open/src/hotspot/share/interpreter/linkResolver.cpp, line 782]
Event: 0.335 Thread 0x000002072e0442c0 Exception <a 'java/lang/NoSuchMethodError'{0x000000076ac7c818}: 'java.lang.Object java.lang.invoke.DirectMethodHandle$Holder.invokeStatic(java.lang.Object)'> (0x000000076ac7c818) 
thrown [./open/src/hotspot/share/interpreter/linkResolver.cpp, line 782]
Event: 0.335 Thread 0x000002072e0442c0 Exception <a 'java/lang/NoSuchMethodError'{0x000000076ac7ff68}: 'java.lang.Object java.lang.invoke.DirectMethodHandle$Holder.invokeStaticInit(java.lang.Object)'> (0x000000076ac7ff68) 
thrown [./open/src/hotspot/share/interpreter/linkResolver.cpp, line 782]

Events (20 events):
Event: 0.339 loading class javax/management/MBeanServerDelegateMBean
Event: 0.339 loading class javax/management/MBeanServerDelegateMBean done
Event: 0.339 loading class javax/management/NotificationEmitter
Event: 0.339 loading class javax/management/NotificationBroadcaster
Event: 0.339 loading class javax/management/NotificationBroadcaster done
Event: 0.339 loading class javax/management/NotificationEmitter done
Event: 0.339 loading class javax/management/MBeanServerDelegate done
Event: 0.339 loading class com/sun/jmx/mbeanserver/MBeanServerDelegateImpl done
Event: 0.339 loading class javax/management/MBeanNotificationInfo
Event: 0.339 loading class javax/management/MBeanFeatureInfo
Event: 0.339 loading class javax/management/DescriptorRead
Event: 0.339 loading class javax/management/DescriptorRead done
Event: 0.339 loading class javax/management/MBeanFeatureInfo done
Event: 0.339 loading class javax/management/MBeanNotificationInfo done
Event: 0.339 loading class javax/management/MBeanInfo
Event: 0.339 loading class javax/management/MBeanInfo done
Event: 0.339 loading class com/sun/jmx/mbeanserver/Util
Event: 0.339 loading class com/sun/jmx/mbeanserver/Util done
Event: 0.339 loading class javax/management/ObjectName
Event: 0.340 Executing VM operation: CollectForMetadataAllocation


Dynamic libraries:
0x00007ff7e13b0000 - 0x00007ff7e13bd000 	C:\Users\badue\.p2\pool\plugins\org.eclipse.justj.openjdk.hotspot.jre.full.win32.x86_64_15.0.2.v20210201-0955\jre\bin\javaw.exe
0x00007ff9f3810000 - 0x00007ff9f3a05000 	C:\WINDOWS\SYSTEM32\ntdll.dll
0x00007ff9f1a50000 - 0x00007ff9f1b0e000 	C:\WINDOWS\System32\KERNEL32.DLL
0x00007ff9f10b0000 - 0x00007ff9f1379000 	C:\WINDOWS\System32\KERNELBASE.dll
0x00007ff9f0f80000 - 0x00007ff9f1080000 	C:\WINDOWS\System32\ucrtbase.dll
0x00007ff9e9c70000 - 0x00007ff9e9c88000 	C:\Users\badue\.p2\pool\plugins\org.eclipse.justj.openjdk.hotspot.jre.full.win32.x86_64_15.0.2.v20210201-0955\jre\bin\jli.dll
0x00007ff9e9950000 - 0x00007ff9e9969000 	C:\Users\badue\.p2\pool\plugins\org.eclipse.justj.openjdk.hotspot.jre.full.win32.x86_64_15.0.2.v20210201-0955\jre\bin\VCRUNTIME140.dll
0x00007ff9f26d0000 - 0x00007ff9f2871000 	C:\WINDOWS\System32\USER32.dll
0x00007ff9daa10000 - 0x00007ff9dacaa000 	C:\WINDOWS\WinSxS\amd64_microsoft.windows.common-controls_6595b64144ccf1df_6.0.19041.1110_none_60b5254171f9507e\COMCTL32.dll
0x00007ff9f1080000 - 0x00007ff9f10a2000 	C:\WINDOWS\System32\win32u.dll
0x00007ff9f2dd0000 - 0x00007ff9f2e6e000 	C:\WINDOWS\System32\msvcrt.dll
0x00007ff9f1c20000 - 0x00007ff9f1c4b000 	C:\WINDOWS\System32\GDI32.dll
0x00007ff9f1480000 - 0x00007ff9f158b000 	C:\WINDOWS\System32\gdi32full.dll
0x00007ff9f13e0000 - 0x00007ff9f147d000 	C:\WINDOWS\System32\msvcp_win.dll
0x00007ff9f2250000 - 0x00007ff9f2280000 	C:\WINDOWS\System32\IMM32.DLL
0x00007ff9ec7d0000 - 0x00007ff9ec7dc000 	C:\Users\badue\.p2\pool\plugins\org.eclipse.justj.openjdk.hotspot.jre.full.win32.x86_64_15.0.2.v20210201-0955\jre\bin\vcruntime140_1.dll
0x00007ff9c3780000 - 0x00007ff9c3811000 	C:\Users\badue\.p2\pool\plugins\org.eclipse.justj.openjdk.hotspot.jre.full.win32.x86_64_15.0.2.v20210201-0955\jre\bin\msvcp140.dll
0x00007ff9945f0000 - 0x00007ff99514e000 	C:\Users\badue\.p2\pool\plugins\org.eclipse.justj.openjdk.hotspot.jre.full.win32.x86_64_15.0.2.v20210201-0955\jre\bin\server\jvm.dll
0x00007ff9f1dd0000 - 0x00007ff9f1e7c000 	C:\WINDOWS\System32\ADVAPI32.dll
0x00007ff9f1fc0000 - 0x00007ff9f205b000 	C:\WINDOWS\System32\sechost.dll
0x00007ff9f2060000 - 0x00007ff9f218a000 	C:\WINDOWS\System32\RPCRT4.dll
0x00007ff9f2e70000 - 0x00007ff9f2e78000 	C:\WINDOWS\System32\PSAPI.DLL
0x00007ff9c5910000 - 0x00007ff9c5919000 	C:\WINDOWS\SYSTEM32\WSOCK32.dll
0x00007ff9e4040000 - 0x00007ff9e4067000 	C:\WINDOWS\SYSTEM32\WINMM.dll
0x00007ff9f2660000 - 0x00007ff9f26cb000 	C:\WINDOWS\System32\WS2_32.dll
0x00007ff9e9360000 - 0x00007ff9e936a000 	C:\WINDOWS\SYSTEM32\VERSION.dll
0x00007ff9ef800000 - 0x00007ff9ef812000 	C:\WINDOWS\SYSTEM32\kernel.appcore.dll
0x00007ff9c55b0000 - 0x00007ff9c55ba000 	C:\Users\badue\.p2\pool\plugins\org.eclipse.justj.openjdk.hotspot.jre.full.win32.x86_64_15.0.2.v20210201-0955\jre\bin\jimage.dll
0x00007ff9ef5a0000 - 0x00007ff9ef784000 	C:\WINDOWS\SYSTEM32\DBGHELP.DLL
0x00007ff9d44e0000 - 0x00007ff9d450c000 	C:\WINDOWS\SYSTEM32\dbgcore.DLL
0x00007ff9f15c0000 - 0x00007ff9f1643000 	C:\WINDOWS\System32\bcryptPrimitives.dll
0x00007ff9bb9f0000 - 0x00007ff9bba15000 	C:\Users\badue\.p2\pool\plugins\org.eclipse.justj.openjdk.hotspot.jre.full.win32.x86_64_15.0.2.v20210201-0955\jre\bin\java.dll
0x00007ff9c1510000 - 0x00007ff9c1528000 	C:\Users\badue\.p2\pool\plugins\org.eclipse.justj.openjdk.hotspot.jre.full.win32.x86_64_15.0.2.v20210201-0955\jre\bin\zip.dll
0x00007ff9f3030000 - 0x00007ff9f376f000 	C:\WINDOWS\System32\SHELL32.dll
0x00007ff9eed40000 - 0x00007ff9ef4d0000 	C:\WINDOWS\SYSTEM32\windows.storage.dll
0x00007ff9f22e0000 - 0x00007ff9f2635000 	C:\WINDOWS\System32\combase.dll
0x00007ff9f08b0000 - 0x00007ff9f08dc000 	C:\WINDOWS\SYSTEM32\Wldp.dll
0x00007ff9f21a0000 - 0x00007ff9f224e000 	C:\WINDOWS\System32\SHCORE.dll
0x00007ff9f3770000 - 0x00007ff9f37c5000 	C:\WINDOWS\System32\shlwapi.dll
0x00007ff9f0e70000 - 0x00007ff9f0e8f000 	C:\WINDOWS\SYSTEM32\profapi.dll
0x00007ff9c1430000 - 0x00007ff9c1449000 	C:\Users\badue\.p2\pool\plugins\org.eclipse.justj.openjdk.hotspot.jre.full.win32.x86_64_15.0.2.v20210201-0955\jre\bin\net.dll
0x00007ff9e9700000 - 0x00007ff9e9808000 	C:\WINDOWS\SYSTEM32\WINHTTP.dll
0x00007ff9f0610000 - 0x00007ff9f067a000 	C:\WINDOWS\system32\mswsock.dll
0x00007ff9c12d0000 - 0x00007ff9c12e2000 	C:\Users\badue\.p2\pool\plugins\org.eclipse.justj.openjdk.hotspot.jre.full.win32.x86_64_15.0.2.v20210201-0955\jre\bin\nio.dll
0x00007ff9ec760000 - 0x00007ff9ec769000 	C:\Users\badue\.p2\pool\plugins\org.eclipse.justj.openjdk.hotspot.jre.full.win32.x86_64_15.0.2.v20210201-0955\jre\bin\management.dll

dbghelp: loaded successfully - version: 4.0.5 - missing functions: none
symbol engine: initialized successfully - sym options: 0x614 - pdb path: .;C:\Users\badue\.p2\pool\plugins\org.eclipse.justj.openjdk.hotspot.jre.full.win32.x86_64_15.0.2.v20210201-0955\jre\bin;C:\WINDOWS\SYSTEM32;C:\WINDOWS\WinSxS\amd64_microsoft.windows.common-controls_6595b64144ccf1df_6.0.19041.1110_none_60b5254171f9507e;C:\Users\badue\.p2\pool\plugins\org.eclipse.justj.openjdk.hotspot.jre.full.win32.x86_64_15.0.2.v20210201-0955\jre\bin\server

VM Arguments:
jvm_args: -Dcom.sun.management.jmxremote -Dcom.sun.management.jmxremote.port=60164 -Dcom.sun.management.jmxremote.authenticate=false -Dcom.sun.management.jmxremote.ssl=false -Djava.rmi.server.hostname=localhost -Dspring.jmx.enabled=true -Dspring.application.admin.enabled=true -XX:TieredStopAtLevel=1 -Dspring.boot.project.name=loginADEA -Dfile.encoding=UTF-8 -XX:+ShowCodeDetailsInExceptionMessages 
java_command: com.example.demo.LoginAdeaApplication
java_class_path (initial): C:\Users\badue\loginADEA\loginADEA\target\classes;C:\Users\badue\.m2\repository\org\springframework\boot\spring-boot-starter-data-jpa\2.4.11\spring-boot-starter-data-jpa-2.4.11.jar;C:\Users\badue\.m2\repository\org\springframework\boot\spring-boot-starter-aop\2.4.11\spring-boot-starter-aop-2.4.11.jar;C:\Users\badue\.m2\repository\org\aspectj\aspectjweaver\1.9.7\aspectjweaver-1.9.7.jar;C:\Users\badue\.m2\repository\org\springframework\boot\spring-boot-starter-jdbc\2.4.11\spring-boot-starter-jdbc-2.4.11.jar;C:\Users\badue\.m2\repository\com\zaxxer\HikariCP\3.4.5\HikariCP-3.4.5.jar;C:\Users\badue\.m2\repository\org\springframework\spring-jdbc\5.3.10\spring-jdbc-5.3.10.jar;C:\Users\badue\.m2\repository\jakarta\transaction\jakarta.transaction-api\1.3.3\jakarta.transaction-api-1.3.3.jar;C:\Users\badue\.m2\repository\jakarta\persistence\jakarta.persistence-api\2.2.3\jakarta.persistence-api-2.2.3.jar;C:\Users\badue\.m2\repository\org\hibernate\hibernate-core\5.4.32.Final\hibernate-core-5.4.32.Final.jar;C:\Users\badue\.m2\repository\org\jboss\logging\jboss-logging\3.4.2.Final\jboss-logging-3.4.2.Final.jar;C:\Users\badue\.m2\repository\org\javassist\javassist\3.27.0-GA\javassist-3.27.0-GA.jar;C:\Users\badue\.m2\repository\net\bytebuddy\byte-buddy\1.10.22\byte-buddy-1.10.22.jar;C:\Users\badue\.m2\repository\antlr\antlr\2.7.7\antlr-2.7.7.jar;C:\Users\badue\.m2\repository\org\jboss\jandex\2.2.3.Final\jandex-2.2.3.Final.jar;C:\Users\badue\.m2\repository\com\fasterxml\classmate\1.5.1\classmate-1.5.1.jar;C:\Users\badue\.m2\repository\org\dom4j\dom4j\2.1.3\dom4j-2.1.3.jar;C:\Users\badue\.m2\repository\org\hibernate\common\hibernate-commons-annotations\5.1.2.Final\hibernate-commons-annotations-5.1.2.Final.jar;C:\Users\badue\.m2\repository\org\glassfish\jaxb\jaxb-runtime\2.3.5\jaxb-runtime-2.3.5.jar;C:\Users\badue\.m2\repository\org\glassfish\jaxb\txw2\2.3.5\txw2-2.3.5.jar;C:\Users\badue\.m2\repository\com\sun\istack\istack-commons-runtime\3.0.12\istack-co
Launcher Type: SUN_STANDARD

[Global flags]
     intx CICompilerCount                          = 4                                         {product} {ergonomic}
     uint ConcGCThreads                            = 2                                         {product} {ergonomic}
     uint G1ConcRefinementThreads                  = 8                                         {product} {ergonomic}
   size_t G1HeapRegionSize                         = 2097152                                   {product} {ergonomic}
    uintx GCDrainStackTargetSize                   = 64                                        {product} {ergonomic}
   size_t InitialHeapSize                          = 167772160                                 {product} {ergonomic}
     bool ManagementServer                         = true                                      {product} {command line}
   size_t MarkStackSize                            = 4194304                                   {product} {ergonomic}
   size_t MaxHeapSize                              = 2663383040                                {product} {ergonomic}
   size_t MaxNewSize                               = 1598029824                                {product} {ergonomic}
   size_t MinHeapDeltaBytes                        = 2097152                                   {product} {ergonomic}
   size_t MinHeapSize                              = 8388608                                   {product} {ergonomic}
    uintx NonNMethodCodeHeapSize                   = 7549744                                {pd product} {ergonomic}
    uintx NonProfiledCodeHeapSize                  = 244108496                              {pd product} {ergonomic}
    uintx ProfiledCodeHeapSize                     = 0                                      {pd product} {ergonomic}
    uintx ReservedCodeCacheSize                    = 251658240                              {pd product} {ergonomic}
     bool SegmentedCodeCache                       = true                                      {product} {ergonomic}
     bool ShowCodeDetailsInExceptionMessages       = true                                   {manageable} {command line}
   size_t SoftMaxHeapSize                          = 2663383040                             {manageable} {ergonomic}
     intx TieredStopAtLevel                        = 1                                         {product} {command line}
     bool UseCompressedClassPointers               = true                                 {lp64_product} {ergonomic}
     bool UseCompressedOops                        = true                                 {lp64_product} {ergonomic}
     bool UseG1GC                                  = true                                      {product} {ergonomic}
     bool UseLargePagesIndividualAllocation        = false                                  {pd product} {ergonomic}

Logging:
Log output configuration:
 #0: stdout all=warning uptime,level,tags
 #1: stderr all=off uptime,level,tags

Environment Variables:
PATH=C:/Users/badue/.p2/pool/plugins/org.eclipse.justj.openjdk.hotspot.jre.full.win32.x86_64_15.0.2.v20210201-0955/jre/bin/server;C:/Users/badue/.p2/pool/plugins/org.eclipse.justj.openjdk.hotspot.jre.full.win32.x86_64_15.0.2.v20210201-0955/jre/bin;C:\Program Files (x86)\Common Files\Oracle\Java\javapath;C:\WINDOWS\system32;C:\WINDOWS;C:\WINDOWS\System32\Wbem;C:\WINDOWS\System32\WindowsPowerShell\v1.0\;C:\WINDOWS\System32\OpenSSH\;C:\apache-maven-3.6.3\bin;C:\Program Files\dotnet\;C:\Program Files\MySQL\MySQL Shell 8.0\bin\;C:\Users\badue\AppData\Local\Microsoft\WindowsApps;C:\Users\badue\.dotnet\tools;C:\Users\badue\Desktop;
USERNAME=badue
OS=Windows_NT
PROCESSOR_IDENTIFIER=AMD64 Family 23 Model 24 Stepping 1, AuthenticAMD



---------------  S Y S T E M  ---------------

OS:
 Windows 10 , 64 bit Build 19041 (10.0.19041.1202)
OS uptime: 3 days 6:56 hours

CPU: total 8 (initial active 8) (8 cores per cpu, 2 threads per core) family 23 model 24 stepping 1 microcode 0x0, cmov, cx8, fxsr, mmx, sse, sse2, sse3, ssse3, sse4.1, sse4.2, popcnt, vzeroupper, avx, avx2, aes, clmul, 3dnowpref, lzcnt, sse4a, ht, tsc, tscinvbit, tscinv, bmi1, bmi2, adx, sha, fma, clflush, clflushopt

Memory: 4k page, system-wide physical 10153M (2860M free)
TotalPageFile size 12318M (AvailPageFile size 5M)
current process WorkingSet (physical memory assigned to process): 43M, peak: 43M
current process commit charge ("private bytes"): 239M, peak: 240M

vm_info: OpenJDK 64-Bit Server VM (15.0.2+7-27) for windows-amd64 JRE (15.0.2+7-27), built on Dec  7 2020 20:02:38 by "mach5one" with unknown MS VC++:1925

END.
