#
# There is insufficient memory for the Java Runtime Environment to continue.
# Native memory allocation (malloc) failed to allocate 8208 bytes for AllocateHeap
# Possible reasons:
#   The system is out of physical RAM or swap space
#   The process is running with CompressedOops enabled, and the Java Heap may be blocking the growth of the native heap
# Possible solutions:
#   Reduce memory load on the system
#   Increase physical memory or swap space
#   Check if swap backing store is full
#   Decrease Java heap size (-Xmx/-Xms)
#   Decrease number of Java threads
#   Decrease Java thread stack sizes (-Xss)
#   Set larger code cache with -XX:ReservedCodeCacheSize=
#   JVM is running with Zero Based Compressed Oops mode in which the Java heap is
#     placed in the first 32GB address space. The Java Heap base address is the
#     maximum limit for the native heap growth. Please use -XX:HeapBaseMinAddress
#     to set the Java Heap base and to place the Java Heap above 32GB virtual address.
# This output file may be truncated or incomplete.
#
#  Out of Memory Error (./open/src/hotspot/share/memory/allocation.cpp:44), pid=16864, tid=9244
#
# JRE version: OpenJDK Runtime Environment (15.0.2+7) (build 15.0.2+7-27)
# Java VM: OpenJDK 64-Bit Server VM (15.0.2+7-27, mixed mode, tiered, compressed oops, g1 gc, windows-amd64)
# No core dump will be written. Minidumps are not enabled by default on client versions of Windows
#

---------------  S U M M A R Y ------------

Command Line: -Dcom.sun.management.jmxremote -Dcom.sun.management.jmxremote.port=53035 -Dcom.sun.management.jmxremote.authenticate=false -Dcom.sun.management.jmxremote.ssl=false -Djava.rmi.server.hostname=localhost -Dspring.jmx.enabled=true -Dspring.application.admin.enabled=true -XX:TieredStopAtLevel=1 -Dspring.boot.project.name=loginADEA -Dfile.encoding=UTF-8 -XX:+ShowCodeDetailsInExceptionMessages com.example.demo.LoginAdeaApplication

Host: AMD Ryzen 5 3500U with Radeon Vega Mobile Gfx  , 8 cores, 9G,  Windows 10 , 64 bit Build 19041 (10.0.19041.1202)
Time: Fri Sep 24 18:18:26 2021 Hora de verano central (México) elapsed time: 1.008485 seconds (0d 0h 0m 1s)

---------------  T H R E A D  ---------------

Current thread (0x0000015ae90b2150):  JavaThread "RMI TCP Connection(1)-127.0.0.1" daemon [_thread_in_vm, id=9244, stack(0x000000532c700000,0x000000532c800000)]

Stack: [0x000000532c700000,0x000000532c800000]
Native frames: (J=compiled Java code, j=interpreted, Vv=VM code, C=native code)
V  [jvm.dll+0x62ae9a]
V  [jvm.dll+0x7817a9]
V  [jvm.dll+0x782f03]
V  [jvm.dll+0x783563]
V  [jvm.dll+0x216325]
V  [jvm.dll+0x8ebb2]
V  [jvm.dll+0x66e02b]
V  [jvm.dll+0x66e2a6]
V  [jvm.dll+0x29884b]
V  [jvm.dll+0x1c610c]
V  [jvm.dll+0x33e1b7]
V  [jvm.dll+0x33a3e2]
V  [jvm.dll+0x339e18]
V  [jvm.dll+0x34900d]
C  0x0000015acecdeddf

Java frames: (J=compiled Java code, j=interpreted, Vv=VM code)
j  java.io.ObjectInputStream$BlockDataInputStream.<init>(Ljava/io/ObjectInputStream;Ljava/io/InputStream;)V+55 java.base@15.0.2
j  java.io.ObjectInputStream.<init>(Ljava/io/InputStream;)V+25 java.base@15.0.2
j  sun.rmi.server.MarshalInputStream.<init>(Ljava/io/InputStream;)V+2 java.rmi@15.0.2
j  sun.rmi.transport.ConnectionInputStream.<init>(Ljava/io/InputStream;)V+2 java.rmi@15.0.2
j  sun.rmi.transport.StreamRemoteCall.getInputStream()Ljava/io/ObjectInput;+32 java.rmi@15.0.2
j  sun.rmi.transport.Transport.serviceCall(Ljava/rmi/server/RemoteCall;)Z+1 java.rmi@15.0.2
j  sun.rmi.transport.tcp.TCPTransport.handleMessages(Lsun/rmi/transport/Connection;Z)V+145 java.rmi@15.0.2
j  sun.rmi.transport.tcp.TCPTransport$ConnectionHandler.run0()V+522 java.rmi@15.0.2
j  sun.rmi.transport.tcp.TCPTransport$ConnectionHandler.lambda$run$0()Ljava/lang/Void;+1 java.rmi@15.0.2
j  sun.rmi.transport.tcp.TCPTransport$ConnectionHandler$$Lambda$157+0x00000008001b1738.run()Ljava/lang/Object;+4 java.rmi@15.0.2
J 773 c1 java.security.AccessController.executePrivileged(Ljava/security/PrivilegedAction;Ljava/security/AccessControlContext;Ljava/lang/Class;)Ljava/lang/Object; java.base@15.0.2 (65 bytes) @ 0x0000015acf4ef20c [0x0000015acf4ef1c0+0x000000000000004c]
j  java.security.AccessController.doPrivileged(Ljava/security/PrivilegedAction;Ljava/security/AccessControlContext;)Ljava/lang/Object;+13 java.base@15.0.2
j  sun.rmi.transport.tcp.TCPTransport$ConnectionHandler.run()V+37 java.rmi@15.0.2
j  java.util.concurrent.ThreadPoolExecutor.runWorker(Ljava/util/concurrent/ThreadPoolExecutor$Worker;)V+92 java.base@15.0.2
j  java.util.concurrent.ThreadPoolExecutor$Worker.run()V+5 java.base@15.0.2
j  java.lang.Thread.run()V+11 java.base@15.0.2
v  ~StubRoutines::call_stub

---------------  P R O C E S S  ---------------

Threads class SMR info:
_java_thread_list=0x0000015aea2430b0, length=16, elements={
0x0000015ac9ade460, 0x0000015ae7085410, 0x0000015ae78b1010, 0x0000015ae78dd5b0,
0x0000015ae78dde70, 0x0000015ae708dfc0, 0x0000015ae78e7850, 0x0000015ae78cb310,
0x0000015ae700d270, 0x0000015ae7aab8b0, 0x0000015ae8114e70, 0x0000015ae8115340,
0x0000015ae811f230, 0x0000015ae8562550, 0x0000015ae858a830, 0x0000015ae90b2150
}

Java Threads: ( => current thread )
  0x0000015ac9ade460 JavaThread "main" [_thread_blocked, id=7496, stack(0x000000532ad00000,0x000000532ae00000)]
  0x0000015ae7085410 JavaThread "Reference Handler" daemon [_thread_blocked, id=2684, stack(0x000000532b400000,0x000000532b500000)]
  0x0000015ae78b1010 JavaThread "Finalizer" daemon [_thread_blocked, id=6452, stack(0x000000532b500000,0x000000532b600000)]
  0x0000015ae78dd5b0 JavaThread "Signal Dispatcher" daemon [_thread_blocked, id=14088, stack(0x000000532b600000,0x000000532b700000)]
  0x0000015ae78dde70 JavaThread "Attach Listener" daemon [_thread_blocked, id=22368, stack(0x000000532b700000,0x000000532b800000)]
  0x0000015ae708dfc0 JavaThread "Service Thread" daemon [_thread_blocked, id=10076, stack(0x000000532b800000,0x000000532b900000)]
  0x0000015ae78e7850 JavaThread "C1 CompilerThread0" daemon [_thread_blocked, id=11656, stack(0x000000532b900000,0x000000532ba00000)]
  0x0000015ae78cb310 JavaThread "Sweeper thread" daemon [_thread_blocked, id=18092, stack(0x000000532ba00000,0x000000532bb00000)]
  0x0000015ae700d270 JavaThread "Common-Cleaner" daemon [_thread_blocked, id=17808, stack(0x000000532bb00000,0x000000532bc00000)]
  0x0000015ae7aab8b0 JavaThread "Notification Thread" daemon [_thread_blocked, id=22620, stack(0x000000532bc00000,0x000000532bd00000)]
  0x0000015ae8114e70 JavaThread "RMI TCP Accept-0" daemon [_thread_in_native, id=10988, stack(0x000000532bd00000,0x000000532be00000)]
  0x0000015ae8115340 JavaThread "RMI TCP Accept-53035" daemon [_thread_in_native, id=9720, stack(0x000000532be00000,0x000000532bf00000)]
  0x0000015ae811f230 JavaThread "RMI TCP Accept-0" daemon [_thread_in_native, id=22268, stack(0x000000532bf00000,0x000000532c000000)]
  0x0000015ae8562550 JavaThread "Thread-0" [_thread_blocked, id=20116, stack(0x000000532c500000,0x000000532c600000)]
  0x0000015ae858a830 JavaThread "restartedMain" [_thread_blocked, id=20280, stack(0x000000532c600000,0x000000532c700000)]
=>0x0000015ae90b2150 JavaThread "RMI TCP Connection(1)-127.0.0.1" daemon [_thread_in_vm, id=9244, stack(0x000000532c700000,0x000000532c800000)]

Other Threads:
  0x0000015ae7072670 VMThread "VM Thread" [stack: 0x000000532b300000,0x000000532b400000] [id=17992] _threads_hazard_ptr=0x0000015aea2430b0
  0x0000015ae815a870 WatcherThread [stack: 0x000000532c000000,0x000000532c100000] [id=15888]
  0x0000015ac9b1d2c0 GCTaskThread "GC Thread#0" [stack: 0x000000532ae00000,0x000000532af00000] [id=9612]
  0x0000015ae81b16b0 GCTaskThread "GC Thread#1" [stack: 0x000000532c100000,0x000000532c200000] [id=9452]
  0x0000015ae81b0d20 GCTaskThread "GC Thread#2" [stack: 0x000000532c200000,0x000000532c300000] [id=14560]
  0x0000015ae81b0060 GCTaskThread "GC Thread#3" [stack: 0x000000532c800000,0x000000532c900000] [id=17728]
  0x0000015ae81b09f0 GCTaskThread "GC Thread#4" [stack: 0x000000532c900000,0x000000532ca00000] [id=18040]
  0x0000015ae81b19e0 GCTaskThread "GC Thread#5" [stack: 0x000000532ca00000,0x000000532cb00000] [id=11968]
  0x0000015ac9b29990 ConcurrentGCThread "G1 Main Marker" [stack: 0x000000532af00000,0x000000532b000000] [id=11832]
  0x0000015ac9b2a490 ConcurrentGCThread "G1 Conc#0" [stack: 0x000000532b000000,0x000000532b100000] [id=8260]
  0x0000015ac9b9e940 ConcurrentGCThread "G1 Refine#0" [stack: 0x000000532b100000,0x000000532b200000] [id=3292]
  0x0000015ae858c800 ConcurrentGCThread "G1 Refine#1" [stack: 0x000000532c300000,0x000000532c400000] [id=7336]
  0x0000015ae8585030 ConcurrentGCThread "G1 Refine#2" [stack: 0x000000532c400000,0x000000532c500000] [id=9264]
  0x0000015ae6eb05e0 ConcurrentGCThread "G1 Young RemSet Sampling" [stack: 0x000000532b200000,0x000000532b300000] [id=2184]

Threads with active compile tasks:

VM state: synchronizing (normal execution)

VM Mutex/Monitor currently owned by a thread:  ([mutex/lock_event])
[0x0000015ac9ada020] Threads_lock - owner thread: 0x0000015ae7072670
[0x0000015ac9ada890] Heap_lock - owner thread: 0x0000015ac9b29990

Heap address: 0x0000000761400000, size: 2540 MB, Compressed Oops mode: Zero based, Oop shift amount: 3
CDS disabled.
Compressed class space mapped at: 0x0000000800000000-0x0000000840000000, size: 1073741824
Narrow klass base: 0x0000000800000000, Narrow klass shift: 0, Narrow klass range: 0x40000000

GC Precious Log:
 CPUs: 8 total, 8 available
 Memory: 10153M
 Large Page Support: Disabled
 NUMA Support: Disabled
 Compressed Oops: Enabled (Zero based)
 Heap Region Size: 2M
 Heap Min Capacity: 8M
 Heap Initial Capacity: 160M
 Heap Max Capacity: 2540M
 Pre-touch: Disabled
 Parallel Workers: 8
 Concurrent Workers: 2
 Concurrent Refinement Workers: 8
 Periodic GC: Disabled

Heap:
 garbage-first heap   total 163840K, used 7700K [0x0000000761400000, 0x0000000800000000)
  region size 2048K, 2 young (4096K), 1 survivors (2048K)
 Metaspace       used 16669K, capacity 16924K, committed 17024K, reserved 1069056K
  class space    used 1750K, capacity 1824K, committed 1920K, reserved 1048576K

Heap Regions: E=young(eden), S=young(survivor), O=old, HS=humongous(starts), HC=humongous(continues), CS=collection set, F=free, OA=open archive, CA=closed archive, TAMS=top-at-mark-start (previous, next)
|   0|0x0000000761400000, 0x0000000761600000, 0x0000000761600000|100%| O|  |TAMS 0x0000000761400000, 0x0000000761600000| Untracked 
|   1|0x0000000761600000, 0x0000000761800000, 0x0000000761800000|100%| O|  |TAMS 0x0000000761600000, 0x0000000761800000| Untracked 
|   2|0x0000000761800000, 0x0000000761a00000, 0x0000000761a00000|100%| O|  |TAMS 0x0000000761800000, 0x0000000761a00000| Untracked 
|   3|0x0000000761a00000, 0x0000000761b26e00, 0x0000000761c00000| 57%| O|  |TAMS 0x0000000761a00000, 0x0000000761b26e00| Untracked 
|   4|0x0000000761c00000, 0x0000000761c00000, 0x0000000761e00000|  0%| F|  |TAMS 0x0000000761c00000, 0x0000000761c00000| Untracked 
|   5|0x0000000761e00000, 0x0000000761e00000, 0x0000000762000000|  0%| F|  |TAMS 0x0000000761e00000, 0x0000000761e00000| Untracked 
|   6|0x0000000762000000, 0x0000000762000000, 0x0000000762200000|  0%| F|  |TAMS 0x0000000762000000, 0x0000000762000000| Untracked 
|   7|0x0000000762200000, 0x0000000762200000, 0x0000000762400000|  0%| F|  |TAMS 0x0000000762200000, 0x0000000762200000| Untracked 
|   8|0x0000000762400000, 0x0000000762400000, 0x0000000762600000|  0%| F|  |TAMS 0x0000000762400000, 0x0000000762400000| Untracked 
|   9|0x0000000762600000, 0x0000000762600000, 0x0000000762800000|  0%| F|  |TAMS 0x0000000762600000, 0x0000000762600000| Untracked 
|  10|0x0000000762800000, 0x0000000762800000, 0x0000000762a00000|  0%| F|  |TAMS 0x0000000762800000, 0x0000000762800000| Untracked 
|  11|0x0000000762a00000, 0x0000000762a00000, 0x0000000762c00000|  0%| F|  |TAMS 0x0000000762a00000, 0x0000000762a00000| Untracked 
|  12|0x0000000762c00000, 0x0000000762c00000, 0x0000000762e00000|  0%| F|  |TAMS 0x0000000762c00000, 0x0000000762c00000| Untracked 
|  13|0x0000000762e00000, 0x0000000762e00000, 0x0000000763000000|  0%| F|  |TAMS 0x0000000762e00000, 0x0000000762e00000| Untracked 
|  14|0x0000000763000000, 0x0000000763000000, 0x0000000763200000|  0%| F|  |TAMS 0x0000000763000000, 0x0000000763000000| Untracked 
|  15|0x0000000763200000, 0x0000000763200000, 0x0000000763400000|  0%| F|  |TAMS 0x0000000763200000, 0x0000000763200000| Untracked 
|  16|0x0000000763400000, 0x0000000763400000, 0x0000000763600000|  0%| F|  |TAMS 0x0000000763400000, 0x0000000763400000| Untracked 
|  17|0x0000000763600000, 0x0000000763600000, 0x0000000763800000|  0%| F|  |TAMS 0x0000000763600000, 0x0000000763600000| Untracked 
|  18|0x0000000763800000, 0x0000000763800000, 0x0000000763a00000|  0%| F|  |TAMS 0x0000000763800000, 0x0000000763800000| Untracked 
|  19|0x0000000763a00000, 0x0000000763a00000, 0x0000000763c00000|  0%| F|  |TAMS 0x0000000763a00000, 0x0000000763a00000| Untracked 
|  20|0x0000000763c00000, 0x0000000763c00000, 0x0000000763e00000|  0%| F|  |TAMS 0x0000000763c00000, 0x0000000763c00000| Untracked 
|  21|0x0000000763e00000, 0x0000000763e00000, 0x0000000764000000|  0%| F|  |TAMS 0x0000000763e00000, 0x0000000763e00000| Untracked 
|  22|0x0000000764000000, 0x0000000764000000, 0x0000000764200000|  0%| F|  |TAMS 0x0000000764000000, 0x0000000764000000| Untracked 
|  23|0x0000000764200000, 0x0000000764200000, 0x0000000764400000|  0%| F|  |TAMS 0x0000000764200000, 0x0000000764200000| Untracked 
|  24|0x0000000764400000, 0x0000000764400000, 0x0000000764600000|  0%| F|  |TAMS 0x0000000764400000, 0x0000000764400000| Untracked 
|  25|0x0000000764600000, 0x0000000764600000, 0x0000000764800000|  0%| F|  |TAMS 0x0000000764600000, 0x0000000764600000| Untracked 
|  26|0x0000000764800000, 0x0000000764800000, 0x0000000764a00000|  0%| F|  |TAMS 0x0000000764800000, 0x0000000764800000| Untracked 
|  27|0x0000000764a00000, 0x0000000764a00000, 0x0000000764c00000|  0%| F|  |TAMS 0x0000000764a00000, 0x0000000764a00000| Untracked 
|  28|0x0000000764c00000, 0x0000000764c00000, 0x0000000764e00000|  0%| F|  |TAMS 0x0000000764c00000, 0x0000000764c00000| Untracked 
|  29|0x0000000764e00000, 0x0000000764e00000, 0x0000000765000000|  0%| F|  |TAMS 0x0000000764e00000, 0x0000000764e00000| Untracked 
|  30|0x0000000765000000, 0x0000000765000000, 0x0000000765200000|  0%| F|  |TAMS 0x0000000765000000, 0x0000000765000000| Untracked 
|  31|0x0000000765200000, 0x0000000765200000, 0x0000000765400000|  0%| F|  |TAMS 0x0000000765200000, 0x0000000765200000| Untracked 
|  32|0x0000000765400000, 0x0000000765400000, 0x0000000765600000|  0%| F|  |TAMS 0x0000000765400000, 0x0000000765400000| Untracked 
|  33|0x0000000765600000, 0x0000000765600000, 0x0000000765800000|  0%| F|  |TAMS 0x0000000765600000, 0x0000000765600000| Untracked 
|  34|0x0000000765800000, 0x0000000765800000, 0x0000000765a00000|  0%| F|  |TAMS 0x0000000765800000, 0x0000000765800000| Untracked 
|  35|0x0000000765a00000, 0x0000000765a00000, 0x0000000765c00000|  0%| F|  |TAMS 0x0000000765a00000, 0x0000000765a00000| Untracked 
|  36|0x0000000765c00000, 0x0000000765c00000, 0x0000000765e00000|  0%| F|  |TAMS 0x0000000765c00000, 0x0000000765c00000| Untracked 
|  37|0x0000000765e00000, 0x0000000765e00000, 0x0000000766000000|  0%| F|  |TAMS 0x0000000765e00000, 0x0000000765e00000| Untracked 
|  38|0x0000000766000000, 0x0000000766000000, 0x0000000766200000|  0%| F|  |TAMS 0x0000000766000000, 0x0000000766000000| Untracked 
|  39|0x0000000766200000, 0x0000000766200000, 0x0000000766400000|  0%| F|  |TAMS 0x0000000766200000, 0x0000000766200000| Untracked 
|  40|0x0000000766400000, 0x0000000766400000, 0x0000000766600000|  0%| F|  |TAMS 0x0000000766400000, 0x0000000766400000| Untracked 
|  41|0x0000000766600000, 0x0000000766600000, 0x0000000766800000|  0%| F|  |TAMS 0x0000000766600000, 0x0000000766600000| Untracked 
|  42|0x0000000766800000, 0x0000000766800000, 0x0000000766a00000|  0%| F|  |TAMS 0x0000000766800000, 0x0000000766800000| Untracked 
|  43|0x0000000766a00000, 0x0000000766a00000, 0x0000000766c00000|  0%| F|  |TAMS 0x0000000766a00000, 0x0000000766a00000| Untracked 
|  44|0x0000000766c00000, 0x0000000766c00000, 0x0000000766e00000|  0%| F|  |TAMS 0x0000000766c00000, 0x0000000766c00000| Untracked 
|  45|0x0000000766e00000, 0x0000000766e00000, 0x0000000767000000|  0%| F|  |TAMS 0x0000000766e00000, 0x0000000766e00000| Untracked 
|  46|0x0000000767000000, 0x0000000767000000, 0x0000000767200000|  0%| F|  |TAMS 0x0000000767000000, 0x0000000767000000| Untracked 
|  47|0x0000000767200000, 0x0000000767200000, 0x0000000767400000|  0%| F|  |TAMS 0x0000000767200000, 0x0000000767200000| Untracked 
|  48|0x0000000767400000, 0x0000000767400000, 0x0000000767600000|  0%| F|  |TAMS 0x0000000767400000, 0x0000000767400000| Untracked 
|  49|0x0000000767600000, 0x0000000767600000, 0x0000000767800000|  0%| F|  |TAMS 0x0000000767600000, 0x0000000767600000| Untracked 
|  50|0x0000000767800000, 0x0000000767800000, 0x0000000767a00000|  0%| F|  |TAMS 0x0000000767800000, 0x0000000767800000| Untracked 
|  51|0x0000000767a00000, 0x0000000767a00000, 0x0000000767c00000|  0%| F|  |TAMS 0x0000000767a00000, 0x0000000767a00000| Untracked 
|  52|0x0000000767c00000, 0x0000000767c00000, 0x0000000767e00000|  0%| F|  |TAMS 0x0000000767c00000, 0x0000000767c00000| Untracked 
|  53|0x0000000767e00000, 0x0000000767e00000, 0x0000000768000000|  0%| F|  |TAMS 0x0000000767e00000, 0x0000000767e00000| Untracked 
|  54|0x0000000768000000, 0x0000000768000000, 0x0000000768200000|  0%| F|  |TAMS 0x0000000768000000, 0x0000000768000000| Untracked 
|  55|0x0000000768200000, 0x0000000768200000, 0x0000000768400000|  0%| F|  |TAMS 0x0000000768200000, 0x0000000768200000| Untracked 
|  56|0x0000000768400000, 0x0000000768400000, 0x0000000768600000|  0%| F|  |TAMS 0x0000000768400000, 0x0000000768400000| Untracked 
|  57|0x0000000768600000, 0x0000000768600000, 0x0000000768800000|  0%| F|  |TAMS 0x0000000768600000, 0x0000000768600000| Untracked 
|  58|0x0000000768800000, 0x0000000768800000, 0x0000000768a00000|  0%| F|  |TAMS 0x0000000768800000, 0x0000000768800000| Untracked 
|  59|0x0000000768a00000, 0x0000000768a00000, 0x0000000768c00000|  0%| F|  |TAMS 0x0000000768a00000, 0x0000000768a00000| Untracked 
|  60|0x0000000768c00000, 0x0000000768c00000, 0x0000000768e00000|  0%| F|  |TAMS 0x0000000768c00000, 0x0000000768c00000| Untracked 
|  61|0x0000000768e00000, 0x0000000768e00000, 0x0000000769000000|  0%| F|  |TAMS 0x0000000768e00000, 0x0000000768e00000| Untracked 
|  62|0x0000000769000000, 0x0000000769000000, 0x0000000769200000|  0%| F|  |TAMS 0x0000000769000000, 0x0000000769000000| Untracked 
|  63|0x0000000769200000, 0x0000000769200000, 0x0000000769400000|  0%| F|  |TAMS 0x0000000769200000, 0x0000000769200000| Untracked 
|  64|0x0000000769400000, 0x0000000769400000, 0x0000000769600000|  0%| F|  |TAMS 0x0000000769400000, 0x0000000769400000| Untracked 
|  65|0x0000000769600000, 0x0000000769600000, 0x0000000769800000|  0%| F|  |TAMS 0x0000000769600000, 0x0000000769600000| Untracked 
|  66|0x0000000769800000, 0x0000000769800000, 0x0000000769a00000|  0%| F|  |TAMS 0x0000000769800000, 0x0000000769800000| Untracked 
|  67|0x0000000769a00000, 0x0000000769a5e380, 0x0000000769c00000| 18%| S|CS|TAMS 0x0000000769a00000, 0x0000000769a00000| Complete 
|  68|0x0000000769c00000, 0x0000000769c00000, 0x0000000769e00000|  0%| F|  |TAMS 0x0000000769c00000, 0x0000000769c00000| Untracked 
|  69|0x0000000769e00000, 0x0000000769e00000, 0x000000076a000000|  0%| F|  |TAMS 0x0000000769e00000, 0x0000000769e00000| Untracked 
|  70|0x000000076a000000, 0x000000076a000000, 0x000000076a200000|  0%| F|  |TAMS 0x000000076a000000, 0x000000076a000000| Untracked 
|  71|0x000000076a200000, 0x000000076a200000, 0x000000076a400000|  0%| F|  |TAMS 0x000000076a200000, 0x000000076a200000| Untracked 
|  72|0x000000076a400000, 0x000000076a400000, 0x000000076a600000|  0%| F|  |TAMS 0x000000076a400000, 0x000000076a400000| Untracked 
|  73|0x000000076a600000, 0x000000076a600000, 0x000000076a800000|  0%| F|  |TAMS 0x000000076a600000, 0x000000076a600000| Untracked 
|  74|0x000000076a800000, 0x000000076a800000, 0x000000076aa00000|  0%| F|  |TAMS 0x000000076a800000, 0x000000076a800000| Untracked 
|  75|0x000000076aa00000, 0x000000076aa00000, 0x000000076ac00000|  0%| F|  |TAMS 0x000000076aa00000, 0x000000076aa00000| Untracked 
|  76|0x000000076ac00000, 0x000000076ac00000, 0x000000076ae00000|  0%| F|  |TAMS 0x000000076ac00000, 0x000000076ac00000| Untracked 
|  77|0x000000076ae00000, 0x000000076ae00000, 0x000000076b000000|  0%| F|  |TAMS 0x000000076ae00000, 0x000000076ae00000| Untracked 
|  78|0x000000076b000000, 0x000000076b000000, 0x000000076b200000|  0%| F|  |TAMS 0x000000076b000000, 0x000000076b000000| Untracked 
|  79|0x000000076b200000, 0x000000076b3dd5e0, 0x000000076b400000| 93%| E|  |TAMS 0x000000076b200000, 0x000000076b200000| Complete 

Card table byte_map: [0x0000015adec50000,0x0000015adf150000] _byte_map_base: 0x0000015adb146000

Marking Bits (Prev, Next): (CMBitMap*) 0x0000015ac9b1e9d0, (CMBitMap*) 0x0000015ac9b1ea10
 Prev Bits: [0x0000015adf650000, 0x0000015ae1e00000)
 Next Bits: [0x0000015ae1e00000, 0x0000015ae45b0000)

Polling page: 0x0000015aceca0000

Metaspace:

Usage:
  Non-class:     14.75 MB capacity,    14.57 MB ( 99%) used,   160.50 KB (  1%) free+waste,    20.88 KB ( <1%) overhead. 
      Class:      1.78 MB capacity,     1.71 MB ( 96%) used,    65.47 KB (  4%) free+waste,     8.00 KB ( <1%) overhead. 
       Both:     16.53 MB capacity,    16.28 MB ( 98%) used,   225.97 KB (  1%) free+waste,    28.88 KB ( <1%) overhead. 

Virtual space:
  Non-class space:       20.00 MB reserved,      14.75 MB ( 74%) committed 
      Class space:        1.00 GB reserved,       1.88 MB ( <1%) committed 
             Both:        1.02 GB reserved,      16.62 MB (  2%) committed 

Chunk freelists:
   Non-Class:  4.00 KB
       Class:  0 bytes
        Both:  4.00 KB

MaxMetaspaceSize: 17179869184.00 GB
CompressedClassSpaceSize: 1.00 GB

CodeHeap 'non-profiled nmethods': size=238336Kb used=2030Kb max_used=2030Kb free=236305Kb
 bounds [0x0000015acf400000, 0x0000015acf670000, 0x0000015addcc0000]
CodeHeap 'non-nmethods': size=7424Kb used=1167Kb max_used=1167Kb free=6256Kb
 bounds [0x0000015acecc0000, 0x0000015acef30000, 0x0000015acf400000]
 total_blobs=1835 nmethods=1406 adapters=357
 compilation: enabled
              stopped_count=0, restarted_count=0
 full_count=0

Compilation events (20 events):
Event: 0.987 Thread 0x0000015ae78e7850 nmethod 1381 0x0000015acf5efb90 code [0x0000015acf5efd20, 0x0000015acf5efdd8]
Event: 0.991 Thread 0x0000015ae78e7850 1382   !   1       jdk.internal.loader.URLClassPath$JarLoader::getResource (354 bytes)
Event: 0.994 Thread 0x0000015ae78e7850 nmethod 1382 0x0000015acf5efe90 code [0x0000015acf5f0240, 0x0000015acf5f1198]
Event: 0.994 Thread 0x0000015ae78e7850 1383       1       jdk.internal.loader.BuiltinClassLoader::isSealed (71 bytes)
Event: 0.996 Thread 0x0000015ae78e7850 nmethod 1383 0x0000015acf5f2390 code [0x0000015acf5f2620, 0x0000015acf5f2d78]
Event: 0.996 Thread 0x0000015ae78e7850 1384       1       java.lang.invoke.DirectMethodHandle::<init> (147 bytes)
Event: 0.998 Thread 0x0000015ae78e7850 nmethod 1384 0x0000015acf5f3310 code [0x0000015acf5f3520, 0x0000015acf5f3ac8]
Event: 0.998 Thread 0x0000015ae78e7850 1385       1       jdk.internal.reflect.ReflectionFactory::copyConstructor (11 bytes)
Event: 0.998 Thread 0x0000015ae78e7850 nmethod 1385 0x0000015acf5f3d90 code [0x0000015acf5f3f40, 0x0000015acf5f4068]
Event: 0.998 Thread 0x0000015ae78e7850 1388       1       java.lang.invoke.ConstantCallSite::getTarget (20 bytes)
Event: 0.998 Thread 0x0000015ae78e7850 nmethod 1388 0x0000015acf5f4190 code [0x0000015acf5f4340, 0x0000015acf5f44c8]
Event: 0.998 Thread 0x0000015ae78e7850 1386       1       java.lang.reflect.ReflectAccess::copyConstructor (5 bytes)
Event: 0.998 Thread 0x0000015ae78e7850 nmethod 1386 0x0000015acf5f4590 code [0x0000015acf5f4720, 0x0000015acf5f4808]
Event: 0.998 Thread 0x0000015ae78e7850 1387       1       java.lang.reflect.Constructor::copy (72 bytes)
Event: 0.999 Thread 0x0000015ae78e7850 nmethod 1387 0x0000015acf5f4b90 code [0x0000015acf5f4d40, 0x0000015acf5f5078]
Event: 0.999 Thread 0x0000015ae78e7850 1389   !   1       java.lang.invoke.MethodHandleNatives::linkMethodHandleConstant (50 bytes)
Event: 0.999 Thread 0x0000015ae78e7850 nmethod 1389 0x0000015acf5f5190 code [0x0000015acf5f5340, 0x0000015acf5f5488]
Event: 0.999 Thread 0x0000015ae78e7850 1390       1       java.lang.invoke.MethodHandles$Lookup::linkMethodHandleConstant (223 bytes)
Event: 1.002 Thread 0x0000015ae78e7850 nmethod 1390 0x0000015acf5f5a10 code [0x0000015acf5f5ce0, 0x0000015acf5f68d8]
Event: 1.002 Thread 0x0000015ae78e7850 1393       1       jdk.internal.misc.Unsafe::weakCompareAndSetInt (11 bytes)

GC Heap History (6 events):
Event: 0.857 GC heap before
{Heap before GC invocations=0 (full 0):
 garbage-first heap   total 163840K, used 22528K [0x0000000761400000, 0x0000000800000000)
  region size 2048K, 11 young (22528K), 0 survivors (0K)
 Metaspace       used 15362K, capacity 15625K, committed 15744K, reserved 1062912K
  class space    used 1580K, capacity 1649K, committed 1664K, reserved 1048576K
}
Event: 0.866 GC heap after
{Heap after GC invocations=1 (full 0):
 garbage-first heap   total 163840K, used 6795K [0x0000000761400000, 0x0000000800000000)
  region size 2048K, 2 young (4096K), 2 survivors (4096K)
 Metaspace       used 15362K, capacity 15625K, committed 15744K, reserved 1062912K
  class space    used 1580K, capacity 1649K, committed 1664K, reserved 1048576K
}
Event: 0.878 GC heap before
{Heap before GC invocations=1 (full 0):
 garbage-first heap   total 163840K, used 27275K [0x0000000761400000, 0x0000000800000000)
  region size 2048K, 13 young (26624K), 2 survivors (4096K)
 Metaspace       used 15386K, capacity 15625K, committed 15744K, reserved 1062912K
  class space    used 1582K, capacity 1649K, committed 1664K, reserved 1048576K
}
Event: 0.882 GC heap after
{Heap after GC invocations=2 (full 0):
 garbage-first heap   total 163840K, used 7644K [0x0000000761400000, 0x0000000800000000)
  region size 2048K, 1 young (2048K), 1 survivors (2048K)
 Metaspace       used 15386K, capacity 15625K, committed 15744K, reserved 1062912K
  class space    used 1582K, capacity 1649K, committed 1664K, reserved 1048576K
}
Event: 1.001 GC heap before
{Heap before GC invocations=2 (full 0):
 garbage-first heap   total 163840K, used 28124K [0x0000000761400000, 0x0000000800000000)
  region size 2048K, 13 young (26624K), 1 survivors (2048K)
 Metaspace       used 16497K, capacity 16700K, committed 16896K, reserved 1069056K
  class space    used 1739K, capacity 1792K, committed 1792K, reserved 1048576K
}
Event: 1.002 GC heap after
{Heap after GC invocations=3 (full 0):
 garbage-first heap   total 163840K, used 7700K [0x0000000761400000, 0x0000000800000000)
  region size 2048K, 1 young (2048K), 1 survivors (2048K)
 Metaspace       used 16497K, capacity 16700K, committed 16896K, reserved 1069056K
  class space    used 1739K, capacity 1792K, committed 1792K, reserved 1048576K
}

Deoptimization events (0 events):
No events

Classes unloaded (0 events):
No events

Classes redefined (0 events):
No events

Internal exceptions (20 events):
Event: 0.340 Thread 0x0000015ac9ade460 Exception <a 'java/lang/NoSuchMethodError'{0x000000076accac90}: 'int java.lang.invoke.DirectMethodHandle$Holder.invokeInterface(java.lang.Object, java.lang.Object)'> (0x000000076accac90) 
thrown [./open/src/hotspot/share/interpreter/linkResolver.cpp, line 782]
Event: 0.341 Thread 0x0000015ac9ade460 Exception <a 'java/lang/IncompatibleClassChangeError'{0x000000076acce488}: Found class java.lang.Object, but interface was expected> (0x000000076acce488) 
thrown [./open/src/hotspot/share/interpreter/linkResolver.cpp, line 848]
Event: 0.342 Thread 0x0000015ac9ade460 Exception <a 'java/lang/NoSuchMethodError'{0x000000076acd4740}: 'void java.lang.invoke.DirectMethodHandle$Holder.invokeStatic(java.lang.Object, java.lang.Object)'> (0x000000076acd4740) 
thrown [./open/src/hotspot/share/interpreter/linkResolver.cpp, line 782]
Event: 0.397 Thread 0x0000015ac9ade460 Exception <a 'java/lang/NoSuchMethodError'{0x000000076ad93468}: 'int java.lang.invoke.DirectMethodHandle$Holder.invokeSpecial(java.lang.Object, java.lang.Object, java.lang.Object)'> (0x000000076ad93468) 
thrown [./open/src/hotspot/share/interpreter/linkResolver.cpp, line 782]
Event: 0.441 Thread 0x0000015ac9ade460 Exception <a 'java/lang/NoSuchMethodError'{0x000000076aa65fb8}: 'void java.lang.invoke.DirectMethodHandle$Holder.invokeStatic(java.lang.Object, java.lang.Object, java.lang.Object)'> (0x000000076aa65fb8) 
thrown [./open/src/hotspot/share/interpreter/linkResolver.cpp, line 782]
Event: 0.475 Thread 0x0000015ac9ade460 Exception <a 'java/lang/NoSuchMethodError'{0x000000076aac4da8}: 'int java.lang.invoke.DirectMethodHandle$Holder.invokeSpecialIFC(java.lang.Object, java.lang.Object, java.lang.Object)'> (0x000000076aac4da8) 
thrown [./open/src/hotspot/share/interpreter/linkResolver.cpp, line 782]
Event: 0.495 Thread 0x0000015ac9ade460 Exception <a 'java/lang/NoSuchMethodError'{0x000000076ab0f4f0}: 'void java.lang.invoke.DirectMethodHandle$Holder.invokeStaticInit(java.lang.Object, java.lang.Object)'> (0x000000076ab0f4f0) 
thrown [./open/src/hotspot/share/interpreter/linkResolver.cpp, line 782]
Event: 0.503 Thread 0x0000015ac9ade460 Exception <a 'java/lang/NoSuchMethodError'{0x000000076ab3c388}: 'java.lang.Object java.lang.invoke.DirectMethodHandle$Holder.invokeStaticInit(java.lang.Object, int, int, int, int)'> (0x000000076ab3c388) 
thrown [./open/src/hotspot/share/interpreter/linkResolver.cpp, line 782]
Event: 0.564 Thread 0x0000015ac9ade460 Exception <a 'java/lang/NoSuchMethodError'{0x000000076ab85d70}: 'java.lang.Object java.lang.invoke.DirectMethodHandle$Holder.invokeStaticInit(java.lang.Object, java.lang.Object, int, int, int, int)'> (0x000000076ab85d70) 
thrown [./open/src/hotspot/share/interpreter/linkResolver.cpp, line 782]
Event: 0.573 Thread 0x0000015ac9ade460 Exception <a 'java/lang/ClassNotFoundException'{0x000000076aba2170}: javax/management/remote/rmi/RMIServerImpl_Skel> (0x000000076aba2170) 
thrown [./open/src/hotspot/share/classfile/systemDictionary.cpp, line 295]
Event: 0.620 Thread 0x0000015ac9ade460 Exception <a 'java/lang/ClassNotFoundException'{0x000000076a958b70}: jdk/internal/agent/resources/spi/agentProvider> (0x000000076a958b70) 
thrown [./open/src/hotspot/share/classfile/systemDictionary.cpp, line 295]
Event: 0.675 Thread 0x0000015ac9ade460 Exception <a 'java/lang/ClassNotFoundException'{0x000000076a7a52e8}: javax/smartcardio/CardPermission> (0x000000076a7a52e8) 
thrown [./open/src/hotspot/share/classfile/systemDictionary.cpp, line 295]
Event: 0.677 Thread 0x0000015ac9ade460 Exception <a 'java/io/FileNotFoundException'{0x000000076a7b3938}> (0x000000076a7b3938) 
thrown [./open/src/hotspot/share/prims/jni.cpp, line 578]
Event: 0.759 Thread 0x0000015ac9ade460 Exception <a 'java/lang/NoSuchMethodError'{0x000000076a375d80}: 'java.lang.Object java.lang.invoke.DirectMethodHandle$Holder.invokeSpecialIFC(java.lang.Object, java.lang.Object, java.lang.Object, java.lang.Object)'> (0x000000076a375d80) 
thrown [./open/src/hotspot/share/interpreter/linkResolver.cpp, line 782]
Event: 0.766 Thread 0x0000015ac9ade460 Exception <a 'java/lang/NoSuchMethodError'{0x000000076a3b31f0}: 'int java.lang.invoke.DirectMethodHandle$Holder.invokeVirtual(java.lang.Object, java.lang.Object, java.lang.Object)'> (0x000000076a3b31f0) 
thrown [./open/src/hotspot/share/interpreter/linkResolver.cpp, line 782]
Event: 0.777 Thread 0x0000015ac9ade460 Exception <a 'java/lang/NoSuchMethodError'{0x000000076a02b570}: 'int java.lang.invoke.DirectMethodHandle$Holder.invokeStaticInit(java.lang.Object, java.lang.Object)'> (0x000000076a02b570) 
thrown [./open/src/hotspot/share/interpreter/linkResolver.cpp, line 782]
Event: 0.815 Thread 0x0000015ac9ade460 Exception <a 'java/lang/NoSuchMethodError'{0x0000000769e0b988}: 'int java.lang.invoke.DirectMethodHandle$Holder.invokeStaticInit(java.lang.Object, java.lang.Object, java.lang.Object)'> (0x0000000769e0b988) 
thrown [./open/src/hotspot/share/interpreter/linkResolver.cpp, line 782]
Event: 0.819 Thread 0x0000015ac9ade460 Exception <a 'java/lang/NoSuchMethodError'{0x0000000769e37320}: 'java.lang.Object java.lang.invoke.DirectMethodHandle$Holder.invokeVirtual(java.lang.Object, java.lang.Object, java.lang.Object)'> (0x0000000769e37320) 
thrown [./open/src/hotspot/share/interpreter/linkResolver.cpp, line 782]
Event: 0.823 Thread 0x0000015ac9ade460 Exception <a 'java/lang/NoSuchMethodError'{0x0000000769e66c98}: 'java.lang.Object java.lang.invoke.DirectMethodHandle$Holder.newInvokeSpecial(java.lang.Object, java.lang.Object, java.lang.Object, java.lang.Object, java.lang.Object)'> (0x0000000769e66c98) 
thrown [./open/src/hotspot/share/interpreter/linkResolver.cpp, line 782]
Event: 0.964 Thread 0x0000015ae858a830 Exception <a 'java/io/FileNotFoundException'{0x0000000769e3cc18}> (0x0000000769e3cc18) 
thrown [./open/src/hotspot/share/prims/jni.cpp, line 578]

Events (20 events):
Event: 0.999 loading class java/rmi/activation/ActivationDesc
Event: 1.000 loading class java/rmi/activation/ActivationDesc done
Event: 1.000 loading class java/rmi/activation/ActivationID
Event: 1.000 loading class java/rmi/activation/ActivationID done
Event: 1.000 loading class java/rmi/activation/ActivationException
Event: 1.000 loading class java/rmi/activation/ActivationException done
Event: 1.000 loading class java/rmi/activation/UnknownGroupException
Event: 1.000 loading class java/rmi/activation/UnknownGroupException done
Event: 1.000 loading class java/rmi/activation/ActivationMonitor
Event: 1.000 loading class java/rmi/activation/ActivationMonitor done
Event: 1.000 loading class java/rmi/activation/UnknownObjectException
Event: 1.000 loading class java/rmi/activation/UnknownObjectException done
Event: 1.000 loading class java/rmi/activation/ActivationGroupDesc
Event: 1.000 loading class java/rmi/activation/ActivationGroupDesc done
Event: 1.000 loading class java/io/ObjectInputStream$BlockDataInputStream
Event: 1.000 loading class java/io/ObjectInputStream$BlockDataInputStream done
Event: 1.000 loading class java/io/ObjectInputStream$PeekInputStream
Event: 1.000 Executing VM operation: CollectForMetadataAllocation
Event: 1.002 Executing VM operation: CollectForMetadataAllocation done
Event: 1.002 loading class java/io/ObjectInputStream$PeekInputStream done


Dynamic libraries:
0x00007ff7e13b0000 - 0x00007ff7e13bd000 	C:\Users\badue\.p2\pool\plugins\org.eclipse.justj.openjdk.hotspot.jre.full.win32.x86_64_15.0.2.v20210201-0955\jre\bin\javaw.exe
0x00007ff9f3810000 - 0x00007ff9f3a05000 	C:\WINDOWS\SYSTEM32\ntdll.dll
0x00007ff9f1a50000 - 0x00007ff9f1b0e000 	C:\WINDOWS\System32\KERNEL32.DLL
0x00007ff9f10b0000 - 0x00007ff9f1379000 	C:\WINDOWS\System32\KERNELBASE.dll
0x00007ff9f0f80000 - 0x00007ff9f1080000 	C:\WINDOWS\System32\ucrtbase.dll
0x00007ff9e9fd0000 - 0x00007ff9e9fe8000 	C:\Users\badue\.p2\pool\plugins\org.eclipse.justj.openjdk.hotspot.jre.full.win32.x86_64_15.0.2.v20210201-0955\jre\bin\jli.dll
0x00007ff9f26d0000 - 0x00007ff9f2871000 	C:\WINDOWS\System32\USER32.dll
0x00007ff9f1080000 - 0x00007ff9f10a2000 	C:\WINDOWS\System32\win32u.dll
0x00007ff9f1c20000 - 0x00007ff9f1c4b000 	C:\WINDOWS\System32\GDI32.dll
0x00007ff9f1480000 - 0x00007ff9f158b000 	C:\WINDOWS\System32\gdi32full.dll
0x00007ff9f13e0000 - 0x00007ff9f147d000 	C:\WINDOWS\System32\msvcp_win.dll
0x00007ff9ea180000 - 0x00007ff9ea199000 	C:\Users\badue\.p2\pool\plugins\org.eclipse.justj.openjdk.hotspot.jre.full.win32.x86_64_15.0.2.v20210201-0955\jre\bin\VCRUNTIME140.dll
0x00007ff9daa10000 - 0x00007ff9dacaa000 	C:\WINDOWS\WinSxS\amd64_microsoft.windows.common-controls_6595b64144ccf1df_6.0.19041.1110_none_60b5254171f9507e\COMCTL32.dll
0x00007ff9f2dd0000 - 0x00007ff9f2e6e000 	C:\WINDOWS\System32\msvcrt.dll
0x00007ff9f2250000 - 0x00007ff9f2280000 	C:\WINDOWS\System32\IMM32.DLL
0x00007ff9ec7d0000 - 0x00007ff9ec7dc000 	C:\Users\badue\.p2\pool\plugins\org.eclipse.justj.openjdk.hotspot.jre.full.win32.x86_64_15.0.2.v20210201-0955\jre\bin\vcruntime140_1.dll
0x00007ff9de740000 - 0x00007ff9de7d1000 	C:\Users\badue\.p2\pool\plugins\org.eclipse.justj.openjdk.hotspot.jre.full.win32.x86_64_15.0.2.v20210201-0955\jre\bin\msvcp140.dll
0x00007ff9945f0000 - 0x00007ff99514e000 	C:\Users\badue\.p2\pool\plugins\org.eclipse.justj.openjdk.hotspot.jre.full.win32.x86_64_15.0.2.v20210201-0955\jre\bin\server\jvm.dll
0x00007ff9f1dd0000 - 0x00007ff9f1e7c000 	C:\WINDOWS\System32\ADVAPI32.dll
0x00007ff9f1fc0000 - 0x00007ff9f205b000 	C:\WINDOWS\System32\sechost.dll
0x00007ff9f2060000 - 0x00007ff9f218a000 	C:\WINDOWS\System32\RPCRT4.dll
0x00007ff9f2e70000 - 0x00007ff9f2e78000 	C:\WINDOWS\System32\PSAPI.DLL
0x00007ff9e4040000 - 0x00007ff9e4067000 	C:\WINDOWS\SYSTEM32\WINMM.dll
0x00007ff9c5910000 - 0x00007ff9c5919000 	C:\WINDOWS\SYSTEM32\WSOCK32.dll
0x00007ff9f2660000 - 0x00007ff9f26cb000 	C:\WINDOWS\System32\WS2_32.dll
0x00007ff9e9360000 - 0x00007ff9e936a000 	C:\WINDOWS\SYSTEM32\VERSION.dll
0x00007ff9ef800000 - 0x00007ff9ef812000 	C:\WINDOWS\SYSTEM32\kernel.appcore.dll
0x00007ff9c55b0000 - 0x00007ff9c55ba000 	C:\Users\badue\.p2\pool\plugins\org.eclipse.justj.openjdk.hotspot.jre.full.win32.x86_64_15.0.2.v20210201-0955\jre\bin\jimage.dll
0x00007ff9ef5a0000 - 0x00007ff9ef784000 	C:\WINDOWS\SYSTEM32\DBGHELP.DLL
0x00007ff9d44e0000 - 0x00007ff9d450c000 	C:\WINDOWS\SYSTEM32\dbgcore.DLL
0x00007ff9f15c0000 - 0x00007ff9f1643000 	C:\WINDOWS\System32\bcryptPrimitives.dll
0x00007ff9bb9f0000 - 0x00007ff9bba15000 	C:\Users\badue\.p2\pool\plugins\org.eclipse.justj.openjdk.hotspot.jre.full.win32.x86_64_15.0.2.v20210201-0955\jre\bin\java.dll
0x00007ff9c1510000 - 0x00007ff9c1528000 	C:\Users\badue\.p2\pool\plugins\org.eclipse.justj.openjdk.hotspot.jre.full.win32.x86_64_15.0.2.v20210201-0955\jre\bin\zip.dll
0x00007ff9f3030000 - 0x00007ff9f376f000 	C:\WINDOWS\System32\SHELL32.dll
0x00007ff9eed40000 - 0x00007ff9ef4d0000 	C:\WINDOWS\SYSTEM32\windows.storage.dll
0x00007ff9f22e0000 - 0x00007ff9f2635000 	C:\WINDOWS\System32\combase.dll
0x00007ff9f08b0000 - 0x00007ff9f08dc000 	C:\WINDOWS\SYSTEM32\Wldp.dll
0x00007ff9f21a0000 - 0x00007ff9f224e000 	C:\WINDOWS\System32\SHCORE.dll
0x00007ff9f3770000 - 0x00007ff9f37c5000 	C:\WINDOWS\System32\shlwapi.dll
0x00007ff9f0e70000 - 0x00007ff9f0e8f000 	C:\WINDOWS\SYSTEM32\profapi.dll
0x00007ff9c1430000 - 0x00007ff9c1449000 	C:\Users\badue\.p2\pool\plugins\org.eclipse.justj.openjdk.hotspot.jre.full.win32.x86_64_15.0.2.v20210201-0955\jre\bin\net.dll
0x00007ff9e9700000 - 0x00007ff9e9808000 	C:\WINDOWS\SYSTEM32\WINHTTP.dll
0x00007ff9f0610000 - 0x00007ff9f067a000 	C:\WINDOWS\system32\mswsock.dll
0x00007ff9c12d0000 - 0x00007ff9c12e2000 	C:\Users\badue\.p2\pool\plugins\org.eclipse.justj.openjdk.hotspot.jre.full.win32.x86_64_15.0.2.v20210201-0955\jre\bin\nio.dll
0x00007ff9ec780000 - 0x00007ff9ec789000 	C:\Users\badue\.p2\pool\plugins\org.eclipse.justj.openjdk.hotspot.jre.full.win32.x86_64_15.0.2.v20210201-0955\jre\bin\management.dll
0x00007ff9ec760000 - 0x00007ff9ec76b000 	C:\Users\badue\.p2\pool\plugins\org.eclipse.justj.openjdk.hotspot.jre.full.win32.x86_64_15.0.2.v20210201-0955\jre\bin\management_ext.dll
0x00007ff9ccf70000 - 0x00007ff9ccf87000 	C:\WINDOWS\system32\napinsp.dll
0x00007ff9ccf10000 - 0x00007ff9ccf2b000 	C:\WINDOWS\system32\pnrpnsp.dll
0x00007ff9ebc60000 - 0x00007ff9ebc75000 	C:\WINDOWS\system32\wshbth.dll
0x00007ff9ec500000 - 0x00007ff9ec51d000 	C:\WINDOWS\system32\NLAapi.dll
0x00007ff9f0300000 - 0x00007ff9f033b000 	C:\WINDOWS\SYSTEM32\IPHLPAPI.DLL
0x00007ff9f0340000 - 0x00007ff9f040c000 	C:\WINDOWS\SYSTEM32\DNSAPI.dll
0x00007ff9f2190000 - 0x00007ff9f2198000 	C:\WINDOWS\System32\NSI.dll
0x00007ff9ccd90000 - 0x00007ff9ccda2000 	C:\WINDOWS\System32\winrnr.dll
0x00007ff9e8830000 - 0x00007ff9e883a000 	C:\Windows\System32\rasadhlp.dll
0x00007ff9d7370000 - 0x00007ff9d73ef000 	C:\WINDOWS\System32\fwpuclnt.dll
0x00007ff9f1590000 - 0x00007ff9f15b7000 	C:\WINDOWS\System32\bcrypt.dll
0x00007ff9f0800000 - 0x00007ff9f0818000 	C:\WINDOWS\SYSTEM32\CRYPTSP.dll
0x00007ff9eff90000 - 0x00007ff9effc4000 	C:\WINDOWS\system32\rsaenh.dll
0x00007ff9f0e30000 - 0x00007ff9f0e5e000 	C:\WINDOWS\SYSTEM32\USERENV.dll
0x00007ff9f0820000 - 0x00007ff9f082c000 	C:\WINDOWS\SYSTEM32\CRYPTBASE.dll
0x00007ff9e5930000 - 0x00007ff9e5947000 	C:\WINDOWS\SYSTEM32\dhcpcsvc6.DLL
0x00007ff9e6120000 - 0x00007ff9e613d000 	C:\WINDOWS\SYSTEM32\dhcpcsvc.DLL
0x00007ff9dd360000 - 0x00007ff9dd370000 	C:\Users\badue\.p2\pool\plugins\org.eclipse.justj.openjdk.hotspot.jre.full.win32.x86_64_15.0.2.v20210201-0955\jre\bin\verify.dll

dbghelp: loaded successfully - version: 4.0.5 - missing functions: none
symbol engine: initialized successfully - sym options: 0x614 - pdb path: .;C:\Users\badue\.p2\pool\plugins\org.eclipse.justj.openjdk.hotspot.jre.full.win32.x86_64_15.0.2.v20210201-0955\jre\bin;C:\WINDOWS\SYSTEM32;C:\WINDOWS\WinSxS\amd64_microsoft.windows.common-controls_6595b64144ccf1df_6.0.19041.1110_none_60b5254171f9507e;C:\Users\badue\.p2\pool\plugins\org.eclipse.justj.openjdk.hotspot.jre.full.win32.x86_64_15.0.2.v20210201-0955\jre\bin\server

VM Arguments:
jvm_args: -Dcom.sun.management.jmxremote -Dcom.sun.management.jmxremote.port=53035 -Dcom.sun.management.jmxremote.authenticate=false -Dcom.sun.management.jmxremote.ssl=false -Djava.rmi.server.hostname=localhost -Dspring.jmx.enabled=true -Dspring.application.admin.enabled=true -XX:TieredStopAtLevel=1 -Dspring.boot.project.name=loginADEA -Dfile.encoding=UTF-8 -XX:+ShowCodeDetailsInExceptionMessages 
java_command: com.example.demo.LoginAdeaApplication
java_class_path (initial): C:\Users\badue\loginADEA\loginADEA\target\classes;C:\Users\badue\.m2\repository\org\springframework\boot\spring-boot-starter-data-jpa\2.4.11\spring-boot-starter-data-jpa-2.4.11.jar;C:\Users\badue\.m2\repository\org\springframework\boot\spring-boot-starter-aop\2.4.11\spring-boot-starter-aop-2.4.11.jar;C:\Users\badue\.m2\repository\org\aspectj\aspectjweaver\1.9.7\aspectjweaver-1.9.7.jar;C:\Users\badue\.m2\repository\org\springframework\boot\spring-boot-starter-jdbc\2.4.11\spring-boot-starter-jdbc-2.4.11.jar;C:\Users\badue\.m2\repository\com\zaxxer\HikariCP\3.4.5\HikariCP-3.4.5.jar;C:\Users\badue\.m2\repository\org\springframework\spring-jdbc\5.3.10\spring-jdbc-5.3.10.jar;C:\Users\badue\.m2\repository\jakarta\transaction\jakarta.transaction-api\1.3.3\jakarta.transaction-api-1.3.3.jar;C:\Users\badue\.m2\repository\jakarta\persistence\jakarta.persistence-api\2.2.3\jakarta.persistence-api-2.2.3.jar;C:\Users\badue\.m2\repository\org\hibernate\hibernate-core\5.4.32.Final\hibernate-core-5.4.32.Final.jar;C:\Users\badue\.m2\repository\org\jboss\logging\jboss-logging\3.4.2.Final\jboss-logging-3.4.2.Final.jar;C:\Users\badue\.m2\repository\org\javassist\javassist\3.27.0-GA\javassist-3.27.0-GA.jar;C:\Users\badue\.m2\repository\net\bytebuddy\byte-buddy\1.10.22\byte-buddy-1.10.22.jar;C:\Users\badue\.m2\repository\antlr\antlr\2.7.7\antlr-2.7.7.jar;C:\Users\badue\.m2\repository\org\jboss\jandex\2.2.3.Final\jandex-2.2.3.Final.jar;C:\Users\badue\.m2\repository\com\fasterxml\classmate\1.5.1\classmate-1.5.1.jar;C:\Users\badue\.m2\repository\org\dom4j\dom4j\2.1.3\dom4j-2.1.3.jar;C:\Users\badue\.m2\repository\org\hibernate\common\hibernate-commons-annotations\5.1.2.Final\hibernate-commons-annotations-5.1.2.Final.jar;C:\Users\badue\.m2\repository\org\glassfish\jaxb\jaxb-runtime\2.3.5\jaxb-runtime-2.3.5.jar;C:\Users\badue\.m2\repository\org\glassfish\jaxb\txw2\2.3.5\txw2-2.3.5.jar;C:\Users\badue\.m2\repository\com\sun\istack\istack-commons-runtime\3.0.12\istack-co
Launcher Type: SUN_STANDARD

[Global flags]
     intx CICompilerCount                          = 4                                         {product} {ergonomic}
     uint ConcGCThreads                            = 2                                         {product} {ergonomic}
     uint G1ConcRefinementThreads                  = 8                                         {product} {ergonomic}
   size_t G1HeapRegionSize                         = 2097152                                   {product} {ergonomic}
    uintx GCDrainStackTargetSize                   = 64                                        {product} {ergonomic}
   size_t InitialHeapSize                          = 167772160                                 {product} {ergonomic}
     bool ManagementServer                         = true                                      {product} {command line}
   size_t MarkStackSize                            = 4194304                                   {product} {ergonomic}
   size_t MaxHeapSize                              = 2663383040                                {product} {ergonomic}
   size_t MaxNewSize                               = 1598029824                                {product} {ergonomic}
   size_t MinHeapDeltaBytes                        = 2097152                                   {product} {ergonomic}
   size_t MinHeapSize                              = 8388608                                   {product} {ergonomic}
    uintx NonNMethodCodeHeapSize                   = 7549744                                {pd product} {ergonomic}
    uintx NonProfiledCodeHeapSize                  = 244108496                              {pd product} {ergonomic}
    uintx ProfiledCodeHeapSize                     = 0                                      {pd product} {ergonomic}
    uintx ReservedCodeCacheSize                    = 251658240                              {pd product} {ergonomic}
     bool SegmentedCodeCache                       = true                                      {product} {ergonomic}
     bool ShowCodeDetailsInExceptionMessages       = true                                   {manageable} {command line}
   size_t SoftMaxHeapSize                          = 2663383040                             {manageable} {ergonomic}
     intx TieredStopAtLevel                        = 1                                         {product} {command line}
     bool UseCompressedClassPointers               = true                                 {lp64_product} {ergonomic}
     bool UseCompressedOops                        = true                                 {lp64_product} {ergonomic}
     bool UseG1GC                                  = true                                      {product} {ergonomic}
     bool UseLargePagesIndividualAllocation        = false                                  {pd product} {ergonomic}

Logging:
Log output configuration:
 #0: stdout all=warning uptime,level,tags
 #1: stderr all=off uptime,level,tags

Environment Variables:
PATH=C:/Users/badue/.p2/pool/plugins/org.eclipse.justj.openjdk.hotspot.jre.full.win32.x86_64_15.0.2.v20210201-0955/jre/bin/server;C:/Users/badue/.p2/pool/plugins/org.eclipse.justj.openjdk.hotspot.jre.full.win32.x86_64_15.0.2.v20210201-0955/jre/bin;C:\Program Files (x86)\Common Files\Oracle\Java\javapath;C:\WINDOWS\system32;C:\WINDOWS;C:\WINDOWS\System32\Wbem;C:\WINDOWS\System32\WindowsPowerShell\v1.0\;C:\WINDOWS\System32\OpenSSH\;C:\apache-maven-3.6.3\bin;C:\Program Files\dotnet\;C:\Program Files\MySQL\MySQL Shell 8.0\bin\;C:\Users\badue\AppData\Local\Microsoft\WindowsApps;C:\Users\badue\.dotnet\tools;C:\Users\badue\Desktop;
USERNAME=badue
OS=Windows_NT
PROCESSOR_IDENTIFIER=AMD64 Family 23 Model 24 Stepping 1, AuthenticAMD



---------------  S Y S T E M  ---------------

OS:
 Windows 10 , 64 bit Build 19041 (10.0.19041.1202)
OS uptime: 3 days 5:22 hours

CPU: total 8 (initial active 8) (8 cores per cpu, 2 threads per core) family 23 model 24 stepping 1 microcode 0x0, cmov, cx8, fxsr, mmx, sse, sse2, sse3, ssse3, sse4.1, sse4.2, popcnt, vzeroupper, avx, avx2, aes, clmul, 3dnowpref, lzcnt, sse4a, ht, tsc, tscinvbit, tscinv, bmi1, bmi2, adx, sha, fma, clflush, clflushopt

Memory: 4k page, system-wide physical 10153M (2559M free)
TotalPageFile size 12318M (AvailPageFile size 5M)
current process WorkingSet (physical memory assigned to process): 90M, peak: 90M
current process commit charge ("private bytes"): 257M, peak: 257M

vm_info: OpenJDK 64-Bit Server VM (15.0.2+7-27) for windows-amd64 JRE (15.0.2+7-27), built on Dec  7 2020 20:02:38 by "mach5one" with unknown MS VC++:1925

END.
